{"/home/reyx/Projects/react/react-grid-layout/index-dev.js": {"path":"/home/reyx/Projects/react/react-grid-layout/index-dev.js","statementMap":{"0":{"start":{"line":1,"column":0},"end":{"line":1,"column":58}},"1":{"start":{"line":2,"column":0},"end":{"line":2,"column":46}},"2":{"start":{"line":3,"column":0},"end":{"line":3,"column":79}},"3":{"start":{"line":4,"column":0},"end":{"line":4,"column":67}},"4":{"start":{"line":5,"column":0},"end":{"line":6,"column":52}}},"fnMap":{},"branchMap":{},"s":{"0":1,"1":1,"2":1,"3":1,"4":1},"f":{},"b":{},"_coverageSchema":"1a1c01bbd47fc00a2c39e90264f33305004495a9","hash":"5729f0ff76c5df7aa93b9e9c704213befc93ada2"}
,"/home/reyx/Projects/react/react-grid-layout/lib/GridItem.jsx": {"path":"/home/reyx/Projects/react/react-grid-layout/lib/GridItem.jsx","statementMap":{"0":{"start":{"line":111,"column":21},"end":{"line":195,"column":3}},"1":{"start":{"line":131,"column":20},"end":{"line":131,"column":35}},"2":{"start":{"line":132,"column":6},"end":{"line":132,"column":77}},"3":{"start":{"line":132,"column":37},"end":{"line":132,"column":77}},"4":{"start":{"line":133,"column":6},"end":{"line":134,"column":69}},"5":{"start":{"line":134,"column":8},"end":{"line":134,"column":69}},"6":{"start":{"line":138,"column":20},"end":{"line":138,"column":35}},"7":{"start":{"line":139,"column":6},"end":{"line":139,"column":77}},"8":{"start":{"line":139,"column":37},"end":{"line":139,"column":77}},"9":{"start":{"line":140,"column":6},"end":{"line":141,"column":70}},"10":{"start":{"line":141,"column":8},"end":{"line":141,"column":70}},"11":{"start":{"line":145,"column":20},"end":{"line":145,"column":35}},"12":{"start":{"line":146,"column":6},"end":{"line":146,"column":78}},"13":{"start":{"line":146,"column":37},"end":{"line":146,"column":78}},"14":{"start":{"line":147,"column":6},"end":{"line":148,"column":72}},"15":{"start":{"line":148,"column":8},"end":{"line":148,"column":72}},"16":{"start":{"line":152,"column":20},"end":{"line":152,"column":35}},"17":{"start":{"line":153,"column":6},"end":{"line":153,"column":78}},"18":{"start":{"line":153,"column":37},"end":{"line":153,"column":78}},"19":{"start":{"line":154,"column":6},"end":{"line":155,"column":73}},"20":{"start":{"line":155,"column":8},"end":{"line":155,"column":73}},"21":{"start":{"line":197,"column":38},"end":{"line":206,"column":3}},"22":{"start":{"line":208,"column":17},"end":{"line":212,"column":3}},"23":{"start":{"line":214,"column":41},"end":{"line":214,"column":58}},"24":{"start":{"line":219,"column":4},"end":{"line":219,"column":64}},"25":{"start":{"line":219,"column":52},"end":{"line":219,"column":64}},"26":{"start":{"line":220,"column":4},"end":{"line":220,"column":80}},"27":{"start":{"line":220,"column":68},"end":{"line":220,"column":80}},"28":{"start":{"line":222,"column":24},"end":{"line":229,"column":5}},"29":{"start":{"line":230,"column":24},"end":{"line":237,"column":5}},"30":{"start":{"line":238,"column":4},"end":{"line":241,"column":6}},"31":{"start":{"line":245,"column":4},"end":{"line":245,"column":30}},"32":{"start":{"line":249,"column":4},"end":{"line":249,"column":37}},"33":{"start":{"line":255,"column":33},"end":{"line":255,"column":43}},"34":{"start":{"line":256,"column":4},"end":{"line":256,"column":34}},"35":{"start":{"line":256,"column":27},"end":{"line":256,"column":34}},"36":{"start":{"line":257,"column":17},"end":{"line":257,"column":40}},"37":{"start":{"line":259,"column":4},"end":{"line":259,"column":22}},"38":{"start":{"line":259,"column":15},"end":{"line":259,"column":22}},"39":{"start":{"line":261,"column":33},"end":{"line":264,"column":5}},"40":{"start":{"line":265,"column":25},"end":{"line":265,"column":35}},"41":{"start":{"line":268,"column":6},"end":{"line":269,"column":55}},"42":{"start":{"line":271,"column":4},"end":{"line":286,"column":5}},"43":{"start":{"line":272,"column":6},"end":{"line":276,"column":9}},"44":{"start":{"line":277,"column":11},"end":{"line":286,"column":5}},"45":{"start":{"line":278,"column":21},"end":{"line":278,"column":58}},"46":{"start":{"line":279,"column":21},"end":{"line":279,"column":56}},"47":{"start":{"line":281,"column":6},"end":{"line":285,"column":9}},"48":{"start":{"line":290,"column":4},"end":{"line":297,"column":6}},"49":{"start":{"line":311,"column":65},"end":{"line":311,"column":75}},"50":{"start":{"line":315,"column":4},"end":{"line":326,"column":5}},"51":{"start":{"line":316,"column":6},"end":{"line":316,"column":32}},"52":{"start":{"line":319,"column":6},"end":{"line":319,"column":30}},"53":{"start":{"line":322,"column":6},"end":{"line":325,"column":7}},"54":{"start":{"line":323,"column":8},"end":{"line":323,"column":53}},"55":{"start":{"line":324,"column":8},"end":{"line":324,"column":55}},"56":{"start":{"line":328,"column":4},"end":{"line":328,"column":17}},"57":{"start":{"line":340,"column":4},"end":{"line":356,"column":6}},"58":{"start":{"line":380,"column":8},"end":{"line":380,"column":18}},"59":{"start":{"line":381,"column":27},"end":{"line":381,"column":51}},"60":{"start":{"line":384,"column":21},"end":{"line":390,"column":11}},"61":{"start":{"line":393,"column":17},"end":{"line":393,"column":71}},"62":{"start":{"line":394,"column":18},"end":{"line":394,"column":72}},"63":{"start":{"line":395,"column":27},"end":{"line":395,"column":52}},"64":{"start":{"line":396,"column":27},"end":{"line":399,"column":5}},"65":{"start":{"line":400,"column":4},"end":{"line":420,"column":6}},"66":{"start":{"line":428,"column":61},"end":{"line":461,"column":3}},"67":{"start":{"line":429,"column":44},"end":{"line":429,"column":54}},"68":{"start":{"line":430,"column":4},"end":{"line":430,"column":29}},"69":{"start":{"line":430,"column":22},"end":{"line":430,"column":29}},"70":{"start":{"line":432,"column":41},"end":{"line":432,"column":60}},"71":{"start":{"line":435,"column":29},"end":{"line":435,"column":33}},"72":{"start":{"line":436,"column":4},"end":{"line":436,"column":30}},"73":{"start":{"line":436,"column":23},"end":{"line":436,"column":30}},"74":{"start":{"line":437,"column":23},"end":{"line":437,"column":59}},"75":{"start":{"line":438,"column":23},"end":{"line":438,"column":51}},"76":{"start":{"line":439,"column":18},"end":{"line":439,"column":50}},"77":{"start":{"line":440,"column":18},"end":{"line":440,"column":50}},"78":{"start":{"line":441,"column":17},"end":{"line":441,"column":48}},"79":{"start":{"line":442,"column":17},"end":{"line":442,"column":48}},"80":{"start":{"line":443,"column":4},"end":{"line":443,"column":63}},"81":{"start":{"line":444,"column":4},"end":{"line":444,"column":59}},"82":{"start":{"line":445,"column":4},"end":{"line":445,"column":45}},"83":{"start":{"line":448,"column":21},"end":{"line":454,"column":5}},"84":{"start":{"line":456,"column":4},"end":{"line":460,"column":7}},"85":{"start":{"line":468,"column":56},"end":{"line":511,"column":3}},"86":{"start":{"line":472,"column":23},"end":{"line":472,"column":33}},"87":{"start":{"line":473,"column":4},"end":{"line":473,"column":24}},"88":{"start":{"line":473,"column":17},"end":{"line":473,"column":24}},"89":{"start":{"line":475,"column":4},"end":{"line":477,"column":5}},"90":{"start":{"line":476,"column":6},"end":{"line":476,"column":59}},"91":{"start":{"line":478,"column":14},"end":{"line":478,"column":46}},"92":{"start":{"line":479,"column":15},"end":{"line":479,"column":48}},"93":{"start":{"line":481,"column":51},"end":{"line":481,"column":61}},"94":{"start":{"line":482,"column":27},"end":{"line":482,"column":51}},"95":{"start":{"line":485,"column":4},"end":{"line":499,"column":5}},"96":{"start":{"line":486,"column":31},"end":{"line":486,"column":35}},"97":{"start":{"line":488,"column":6},"end":{"line":498,"column":7}},"98":{"start":{"line":489,"column":38},"end":{"line":489,"column":48}},"99":{"start":{"line":491,"column":10},"end":{"line":491,"column":79}},"100":{"start":{"line":492,"column":8},"end":{"line":492,"column":44}},"101":{"start":{"line":494,"column":25},"end":{"line":494,"column":57}},"102":{"start":{"line":496,"column":10},"end":{"line":496,"column":67}},"103":{"start":{"line":497,"column":8},"end":{"line":497,"column":45}},"104":{"start":{"line":501,"column":41},"end":{"line":501,"column":54}},"105":{"start":{"line":502,"column":4},"end":{"line":502,"column":45}},"106":{"start":{"line":505,"column":21},"end":{"line":505,"column":60}},"107":{"start":{"line":506,"column":4},"end":{"line":510,"column":7}},"108":{"start":{"line":518,"column":60},"end":{"line":537,"column":3}},"109":{"start":{"line":519,"column":27},"end":{"line":519,"column":37}},"110":{"start":{"line":520,"column":4},"end":{"line":520,"column":28}},"111":{"start":{"line":520,"column":21},"end":{"line":520,"column":28}},"112":{"start":{"line":522,"column":4},"end":{"line":524,"column":5}},"113":{"start":{"line":523,"column":6},"end":{"line":523,"column":62}},"114":{"start":{"line":525,"column":24},"end":{"line":525,"column":34}},"115":{"start":{"line":526,"column":26},"end":{"line":526,"column":45}},"116":{"start":{"line":527,"column":41},"end":{"line":527,"column":54}},"117":{"start":{"line":528,"column":4},"end":{"line":528,"column":38}},"118":{"start":{"line":530,"column":21},"end":{"line":530,"column":70}},"119":{"start":{"line":532,"column":4},"end":{"line":536,"column":7}},"120":{"start":{"line":544,"column":73},"end":{"line":549,"column":3}},"121":{"start":{"line":548,"column":4},"end":{"line":548,"column":58}},"122":{"start":{"line":556,"column":74},"end":{"line":561,"column":3}},"123":{"start":{"line":560,"column":4},"end":{"line":560,"column":59}},"124":{"start":{"line":568,"column":69},"end":{"line":573,"column":3}},"125":{"start":{"line":572,"column":4},"end":{"line":572,"column":54}},"126":{"start":{"line":588,"column":20},"end":{"line":588,"column":43}},"127":{"start":{"line":589,"column":4},"end":{"line":589,"column":25}},"128":{"start":{"line":589,"column":18},"end":{"line":589,"column":25}},"129":{"start":{"line":590,"column":42},"end":{"line":590,"column":52}},"130":{"start":{"line":591,"column":25},"end":{"line":591,"column":35}},"131":{"start":{"line":594,"column":19},"end":{"line":600,"column":5}},"132":{"start":{"line":603,"column":4},"end":{"line":603,"column":29}},"133":{"start":{"line":606,"column":4},"end":{"line":606,"column":36}},"134":{"start":{"line":609,"column":4},"end":{"line":609,"column":29}},"135":{"start":{"line":610,"column":4},"end":{"line":610,"column":29}},"136":{"start":{"line":612,"column":4},"end":{"line":612,"column":78}},"137":{"start":{"line":614,"column":4},"end":{"line":614,"column":51}},"138":{"start":{"line":627,"column":8},"end":{"line":627,"column":18}},"139":{"start":{"line":629,"column":16},"end":{"line":636,"column":5}},"140":{"start":{"line":637,"column":18},"end":{"line":637,"column":58}},"141":{"start":{"line":640,"column":19},"end":{"line":661,"column":6}},"142":{"start":{"line":664,"column":4},"end":{"line":664,"column":63}},"143":{"start":{"line":667,"column":4},"end":{"line":667,"column":58}},"144":{"start":{"line":669,"column":4},"end":{"line":669,"column":20}}},"fnMap":{"0":{"name":"(anonymous_0)","decl":{"start":{"line":130,"column":10},"end":{"line":130,"column":11}},"loc":{"start":{"line":130,"column":52},"end":{"line":135,"column":5}},"line":130},"1":{"name":"(anonymous_1)","decl":{"start":{"line":137,"column":10},"end":{"line":137,"column":11}},"loc":{"start":{"line":137,"column":52},"end":{"line":142,"column":5}},"line":137},"2":{"name":"(anonymous_2)","decl":{"start":{"line":144,"column":10},"end":{"line":144,"column":11}},"loc":{"start":{"line":144,"column":52},"end":{"line":149,"column":5}},"line":144},"3":{"name":"(anonymous_3)","decl":{"start":{"line":151,"column":10},"end":{"line":151,"column":11}},"loc":{"start":{"line":151,"column":52},"end":{"line":156,"column":5}},"line":151},"4":{"name":"(anonymous_4)","decl":{"start":{"line":216,"column":2},"end":{"line":216,"column":3}},"loc":{"start":{"line":216,"column":69},"end":{"line":242,"column":3}},"line":216},"5":{"name":"(anonymous_5)","decl":{"start":{"line":244,"column":2},"end":{"line":244,"column":3}},"loc":{"start":{"line":244,"column":22},"end":{"line":246,"column":3}},"line":244},"6":{"name":"(anonymous_6)","decl":{"start":{"line":248,"column":2},"end":{"line":248,"column":3}},"loc":{"start":{"line":248,"column":39},"end":{"line":250,"column":3}},"line":248},"7":{"name":"(anonymous_7)","decl":{"start":{"line":254,"column":2},"end":{"line":254,"column":3}},"loc":{"start":{"line":254,"column":37},"end":{"line":287,"column":3}},"line":254},"8":{"name":"(anonymous_8)","decl":{"start":{"line":289,"column":2},"end":{"line":289,"column":3}},"loc":{"start":{"line":289,"column":63},"end":{"line":298,"column":3}},"line":289},"9":{"name":"(anonymous_9)","decl":{"start":{"line":310,"column":2},"end":{"line":310,"column":3}},"loc":{"start":{"line":310,"column":57},"end":{"line":329,"column":3}},"line":310},"10":{"name":"(anonymous_10)","decl":{"start":{"line":336,"column":2},"end":{"line":336,"column":3}},"loc":{"start":{"line":339,"column":23},"end":{"line":357,"column":3}},"line":339},"11":{"name":"(anonymous_11)","decl":{"start":{"line":365,"column":2},"end":{"line":365,"column":3}},"loc":{"start":{"line":369,"column":23},"end":{"line":421,"column":3}},"line":369},"12":{"name":"(anonymous_12)","decl":{"start":{"line":428,"column":61},"end":{"line":428,"column":62}},"loc":{"start":{"line":428,"column":78},"end":{"line":461,"column":3}},"line":428},"13":{"name":"(anonymous_13)","decl":{"start":{"line":468,"column":56},"end":{"line":468,"column":57}},"loc":{"start":{"line":471,"column":7},"end":{"line":511,"column":3}},"line":471},"14":{"name":"(anonymous_14)","decl":{"start":{"line":518,"column":60},"end":{"line":518,"column":61}},"loc":{"start":{"line":518,"column":77},"end":{"line":537,"column":3}},"line":518},"15":{"name":"(anonymous_15)","decl":{"start":{"line":544,"column":73},"end":{"line":544,"column":74}},"loc":{"start":{"line":547,"column":7},"end":{"line":549,"column":3}},"line":547},"16":{"name":"(anonymous_16)","decl":{"start":{"line":556,"column":74},"end":{"line":556,"column":75}},"loc":{"start":{"line":559,"column":7},"end":{"line":561,"column":3}},"line":559},"17":{"name":"(anonymous_17)","decl":{"start":{"line":568,"column":69},"end":{"line":568,"column":70}},"loc":{"start":{"line":571,"column":7},"end":{"line":573,"column":3}},"line":571},"18":{"name":"(anonymous_18)","decl":{"start":{"line":583,"column":2},"end":{"line":583,"column":3}},"loc":{"start":{"line":587,"column":10},"end":{"line":615,"column":3}},"line":587},"19":{"name":"(anonymous_19)","decl":{"start":{"line":617,"column":2},"end":{"line":617,"column":3}},"loc":{"start":{"line":617,"column":22},"end":{"line":670,"column":3}},"line":617}},"branchMap":{"0":{"loc":{"start":{"line":132,"column":6},"end":{"line":132,"column":77}},"type":"if","locations":[{"start":{"line":132,"column":6},"end":{"line":132,"column":77}},{"start":{},"end":{}}],"line":132},"1":{"loc":{"start":{"line":133,"column":6},"end":{"line":134,"column":69}},"type":"if","locations":[{"start":{"line":133,"column":6},"end":{"line":134,"column":69}},{"start":{},"end":{}}],"line":133},"2":{"loc":{"start":{"line":133,"column":10},"end":{"line":133,"column":47}},"type":"binary-expr","locations":[{"start":{"line":133,"column":10},"end":{"line":133,"column":25}},{"start":{"line":133,"column":29},"end":{"line":133,"column":47}}],"line":133},"3":{"loc":{"start":{"line":139,"column":6},"end":{"line":139,"column":77}},"type":"if","locations":[{"start":{"line":139,"column":6},"end":{"line":139,"column":77}},{"start":{},"end":{}}],"line":139},"4":{"loc":{"start":{"line":140,"column":6},"end":{"line":141,"column":70}},"type":"if","locations":[{"start":{"line":140,"column":6},"end":{"line":141,"column":70}},{"start":{},"end":{}}],"line":140},"5":{"loc":{"start":{"line":140,"column":10},"end":{"line":140,"column":47}},"type":"binary-expr","locations":[{"start":{"line":140,"column":10},"end":{"line":140,"column":25}},{"start":{"line":140,"column":29},"end":{"line":140,"column":47}}],"line":140},"6":{"loc":{"start":{"line":146,"column":6},"end":{"line":146,"column":78}},"type":"if","locations":[{"start":{"line":146,"column":6},"end":{"line":146,"column":78}},{"start":{},"end":{}}],"line":146},"7":{"loc":{"start":{"line":147,"column":6},"end":{"line":148,"column":72}},"type":"if","locations":[{"start":{"line":147,"column":6},"end":{"line":148,"column":72}},{"start":{},"end":{}}],"line":147},"8":{"loc":{"start":{"line":147,"column":10},"end":{"line":147,"column":47}},"type":"binary-expr","locations":[{"start":{"line":147,"column":10},"end":{"line":147,"column":25}},{"start":{"line":147,"column":29},"end":{"line":147,"column":47}}],"line":147},"9":{"loc":{"start":{"line":153,"column":6},"end":{"line":153,"column":78}},"type":"if","locations":[{"start":{"line":153,"column":6},"end":{"line":153,"column":78}},{"start":{},"end":{}}],"line":153},"10":{"loc":{"start":{"line":154,"column":6},"end":{"line":155,"column":73}},"type":"if","locations":[{"start":{"line":154,"column":6},"end":{"line":155,"column":73}},{"start":{},"end":{}}],"line":154},"11":{"loc":{"start":{"line":154,"column":10},"end":{"line":154,"column":47}},"type":"binary-expr","locations":[{"start":{"line":154,"column":10},"end":{"line":154,"column":25}},{"start":{"line":154,"column":29},"end":{"line":154,"column":47}}],"line":154},"12":{"loc":{"start":{"line":219,"column":4},"end":{"line":219,"column":64}},"type":"if","locations":[{"start":{"line":219,"column":4},"end":{"line":219,"column":64}},{"start":{},"end":{}}],"line":219},"13":{"loc":{"start":{"line":220,"column":4},"end":{"line":220,"column":80}},"type":"if","locations":[{"start":{"line":220,"column":4},"end":{"line":220,"column":80}},{"start":{},"end":{}}],"line":220},"14":{"loc":{"start":{"line":239,"column":6},"end":{"line":240,"column":64}},"type":"binary-expr","locations":[{"start":{"line":239,"column":6},"end":{"line":239,"column":50}},{"start":{"line":240,"column":6},"end":{"line":240,"column":64}}],"line":239},"15":{"loc":{"start":{"line":256,"column":4},"end":{"line":256,"column":34}},"type":"if","locations":[{"start":{"line":256,"column":4},"end":{"line":256,"column":34}},{"start":{},"end":{}}],"line":256},"16":{"loc":{"start":{"line":259,"column":4},"end":{"line":259,"column":22}},"type":"if","locations":[{"start":{"line":259,"column":4},"end":{"line":259,"column":22}},{"start":{},"end":{}}],"line":259},"17":{"loc":{"start":{"line":261,"column":33},"end":{"line":264,"column":5}},"type":"binary-expr","locations":[{"start":{"line":261,"column":33},"end":{"line":261,"column":59}},{"start":{"line":261,"column":63},"end":{"line":264,"column":5}}],"line":261},"18":{"loc":{"start":{"line":268,"column":6},"end":{"line":269,"column":55}},"type":"binary-expr","locations":[{"start":{"line":268,"column":7},"end":{"line":268,"column":15}},{"start":{"line":268,"column":19},"end":{"line":268,"column":70}},{"start":{"line":269,"column":6},"end":{"line":269,"column":55}}],"line":268},"19":{"loc":{"start":{"line":271,"column":4},"end":{"line":286,"column":5}},"type":"if","locations":[{"start":{"line":271,"column":4},"end":{"line":286,"column":5}},{"start":{"line":277,"column":11},"end":{"line":286,"column":5}}],"line":271},"20":{"loc":{"start":{"line":277,"column":11},"end":{"line":286,"column":5}},"type":"if","locations":[{"start":{"line":277,"column":11},"end":{"line":286,"column":5}},{"start":{},"end":{}}],"line":277},"21":{"loc":{"start":{"line":289,"column":20},"end":{"line":289,"column":45}},"type":"default-arg","locations":[{"start":{"line":289,"column":35},"end":{"line":289,"column":45}}],"line":289},"22":{"loc":{"start":{"line":315,"column":4},"end":{"line":326,"column":5}},"type":"if","locations":[{"start":{"line":315,"column":4},"end":{"line":326,"column":5}},{"start":{"line":317,"column":11},"end":{"line":326,"column":5}}],"line":315},"23":{"loc":{"start":{"line":322,"column":6},"end":{"line":325,"column":7}},"type":"if","locations":[{"start":{"line":322,"column":6},"end":{"line":325,"column":7}},{"start":{},"end":{}}],"line":322},"24":{"loc":{"start":{"line":349,"column":11},"end":{"line":349,"column":59}},"type":"cond-expr","locations":[{"start":{"line":349,"column":31},"end":{"line":349,"column":54}},{"start":{"line":349,"column":57},"end":{"line":349,"column":59}}],"line":349},"25":{"loc":{"start":{"line":406,"column":19},"end":{"line":406,"column":67}},"type":"cond-expr","locations":[{"start":{"line":406,"column":33},"end":{"line":406,"column":42}},{"start":{"line":406,"column":45},"end":{"line":406,"column":67}}],"line":406},"26":{"loc":{"start":{"line":430,"column":4},"end":{"line":430,"column":29}},"type":"if","locations":[{"start":{"line":430,"column":4},"end":{"line":430,"column":29}},{"start":{},"end":{}}],"line":430},"27":{"loc":{"start":{"line":436,"column":4},"end":{"line":436,"column":30}},"type":"if","locations":[{"start":{"line":436,"column":4},"end":{"line":436,"column":30}},{"start":{},"end":{}}],"line":436},"28":{"loc":{"start":{"line":473,"column":4},"end":{"line":473,"column":24}},"type":"if","locations":[{"start":{"line":473,"column":4},"end":{"line":473,"column":24}},{"start":{},"end":{}}],"line":473},"29":{"loc":{"start":{"line":475,"column":4},"end":{"line":477,"column":5}},"type":"if","locations":[{"start":{"line":475,"column":4},"end":{"line":477,"column":5}},{"start":{},"end":{}}],"line":475},"30":{"loc":{"start":{"line":485,"column":4},"end":{"line":499,"column":5}},"type":"if","locations":[{"start":{"line":485,"column":4},"end":{"line":499,"column":5}},{"start":{},"end":{}}],"line":485},"31":{"loc":{"start":{"line":488,"column":6},"end":{"line":498,"column":7}},"type":"if","locations":[{"start":{"line":488,"column":6},"end":{"line":498,"column":7}},{"start":{},"end":{}}],"line":488},"32":{"loc":{"start":{"line":520,"column":4},"end":{"line":520,"column":28}},"type":"if","locations":[{"start":{"line":520,"column":4},"end":{"line":520,"column":28}},{"start":{},"end":{}}],"line":520},"33":{"loc":{"start":{"line":522,"column":4},"end":{"line":524,"column":5}},"type":"if","locations":[{"start":{"line":522,"column":4},"end":{"line":524,"column":5}},{"start":{},"end":{}}],"line":522},"34":{"loc":{"start":{"line":589,"column":4},"end":{"line":589,"column":25}},"type":"if","locations":[{"start":{"line":589,"column":4},"end":{"line":589,"column":25}},{"start":{},"end":{}}],"line":589},"35":{"loc":{"start":{"line":612,"column":30},"end":{"line":612,"column":74}},"type":"cond-expr","locations":[{"start":{"line":612,"column":63},"end":{"line":612,"column":67}},{"start":{"line":612,"column":70},"end":{"line":612,"column":74}}],"line":612}},"s":{"0":1,"1":330,"2":330,"3":2,"4":328,"5":2,"6":330,"7":330,"8":2,"9":328,"10":2,"11":330,"12":330,"13":2,"14":328,"15":2,"16":330,"17":330,"18":2,"19":328,"20":2,"21":1,"22":151,"23":151,"24":168,"25":50,"26":118,"27":1,"28":117,"29":117,"30":117,"31":151,"32":166,"33":317,"34":317,"35":313,"36":4,"37":4,"38":0,"39":4,"40":4,"41":4,"42":4,"43":2,"44":2,"45":1,"46":1,"47":1,"48":871,"49":317,"50":317,"51":164,"52":153,"53":153,"54":138,"55":138,"56":317,"57":317,"58":317,"59":317,"60":317,"61":317,"62":317,"63":317,"64":317,"65":317,"66":151,"67":2,"68":2,"69":0,"70":2,"71":2,"72":2,"73":0,"74":2,"75":2,"76":2,"77":2,"78":2,"79":2,"80":2,"81":2,"82":2,"83":2,"84":2,"85":151,"86":3,"87":3,"88":1,"89":2,"90":1,"91":1,"92":1,"93":1,"94":1,"95":1,"96":1,"97":1,"98":1,"99":1,"100":1,"101":1,"102":1,"103":1,"104":1,"105":1,"106":1,"107":1,"108":151,"109":0,"110":0,"111":0,"112":0,"113":0,"114":0,"115":0,"116":0,"117":0,"118":0,"119":0,"120":151,"121":0,"122":151,"123":0,"124":151,"125":0,"126":0,"127":0,"128":0,"129":0,"130":0,"131":0,"132":0,"133":0,"134":0,"135":0,"136":0,"137":0,"138":317,"139":317,"140":317,"141":317,"142":317,"143":317,"144":317},"f":{"0":330,"1":330,"2":330,"3":330,"4":168,"5":151,"6":166,"7":317,"8":871,"9":317,"10":317,"11":317,"12":2,"13":3,"14":0,"15":0,"16":0,"17":0,"18":0,"19":317},"b":{"0":[2,328],"1":[2,326],"2":[328,326],"3":[2,328],"4":[2,326],"5":[328,326],"6":[2,328],"7":[2,326],"8":[328,326],"9":[2,328],"10":[2,326],"11":[328,326],"12":[50,118],"13":[1,117],"14":[117,90],"15":[313,4],"16":[0,4],"17":[4,3],"18":[4,2,3],"19":[2,2],"20":[1,1],"21":[637],"22":[164,153],"23":[138,15],"24":[0,317],"25":[290,27],"26":[0,2],"27":[0,2],"28":[1,2],"29":[1,1],"30":[1,0],"31":[1,0],"32":[0,0],"33":[0,0],"34":[0,0],"35":[0,0]},"_coverageSchema":"1a1c01bbd47fc00a2c39e90264f33305004495a9","hash":"8d18b3ae5e9ef266b0e341bf9b79d4c11b0a8bcb"}
,"/home/reyx/Projects/react/react-grid-layout/lib/ReactGridLayout.jsx": {"path":"/home/reyx/Projects/react/react-grid-layout/lib/ReactGridLayout.jsx","statementMap":{"0":{"start":{"line":62,"column":24},"end":{"line":62,"column":43}},"1":{"start":{"line":63,"column":16},"end":{"line":63,"column":21}},"2":{"start":{"line":65,"column":0},"end":{"line":69,"column":1}},"3":{"start":{"line":66,"column":2},"end":{"line":66,"column":51}},"4":{"start":{"line":77,"column":32},"end":{"line":77,"column":49}},"5":{"start":{"line":80,"column":21},"end":{"line":80,"column":45}},"6":{"start":{"line":82,"column":38},"end":{"line":119,"column":3}},"7":{"start":{"line":121,"column":17},"end":{"line":137,"column":3}},"8":{"start":{"line":139,"column":29},"end":{"line":139,"column":30}},"9":{"start":{"line":142,"column":4},"end":{"line":142,"column":37}},"10":{"start":{"line":145,"column":4},"end":{"line":145,"column":68}},"11":{"start":{"line":154,"column":4},"end":{"line":156,"column":5}},"12":{"start":{"line":155,"column":6},"end":{"line":155,"column":18}},"13":{"start":{"line":160,"column":4},"end":{"line":170,"column":5}},"14":{"start":{"line":164,"column":6},"end":{"line":164,"column":39}},"15":{"start":{"line":165,"column":11},"end":{"line":170,"column":5}},"16":{"start":{"line":169,"column":6},"end":{"line":169,"column":39}},"17":{"start":{"line":173,"column":4},"end":{"line":190,"column":5}},"18":{"start":{"line":174,"column":24},"end":{"line":180,"column":7}},"19":{"start":{"line":182,"column":6},"end":{"line":189,"column":8}},"20":{"start":{"line":192,"column":4},"end":{"line":192,"column":16}},"21":{"start":{"line":196,"column":4},"end":{"line":205,"column":6}},"22":{"start":{"line":209,"column":4},"end":{"line":214,"column":5}},"23":{"start":{"line":210,"column":24},"end":{"line":210,"column":41}},"24":{"start":{"line":211,"column":24},"end":{"line":211,"column":40}},"25":{"start":{"line":213,"column":6},"end":{"line":213,"column":54}},"26":{"start":{"line":222,"column":4},"end":{"line":222,"column":37}},"27":{"start":{"line":222,"column":30},"end":{"line":222,"column":37}},"28":{"start":{"line":223,"column":18},"end":{"line":223,"column":43}},"29":{"start":{"line":224,"column":30},"end":{"line":226,"column":28}},"30":{"start":{"line":227,"column":4},"end":{"line":232,"column":6}},"31":{"start":{"line":243,"column":74},"end":{"line":259,"column":3}},"32":{"start":{"line":249,"column":23},"end":{"line":249,"column":33}},"33":{"start":{"line":250,"column":14},"end":{"line":250,"column":38}},"34":{"start":{"line":251,"column":4},"end":{"line":251,"column":19}},"35":{"start":{"line":251,"column":12},"end":{"line":251,"column":19}},"36":{"start":{"line":253,"column":4},"end":{"line":256,"column":7}},"37":{"start":{"line":258,"column":4},"end":{"line":258,"column":63}},"38":{"start":{"line":269,"column":69},"end":{"line":313,"column":3}},"39":{"start":{"line":275,"column":28},"end":{"line":275,"column":38}},"40":{"start":{"line":276,"column":21},"end":{"line":276,"column":31}},"41":{"start":{"line":277,"column":53},"end":{"line":277,"column":63}},"42":{"start":{"line":278,"column":14},"end":{"line":278,"column":38}},"43":{"start":{"line":279,"column":4},"end":{"line":279,"column":19}},"44":{"start":{"line":279,"column":12},"end":{"line":279,"column":19}},"45":{"start":{"line":282,"column":24},"end":{"line":289,"column":5}},"46":{"start":{"line":292,"column":25},"end":{"line":292,"column":29}},"47":{"start":{"line":293,"column":4},"end":{"line":303,"column":6}},"48":{"start":{"line":305,"column":4},"end":{"line":305,"column":68}},"49":{"start":{"line":307,"column":4},"end":{"line":312,"column":7}},"50":{"start":{"line":323,"column":73},"end":{"line":366,"column":3}},"51":{"start":{"line":329,"column":4},"end":{"line":329,"column":39}},"52":{"start":{"line":329,"column":32},"end":{"line":329,"column":39}},"53":{"start":{"line":331,"column":28},"end":{"line":331,"column":38}},"54":{"start":{"line":332,"column":21},"end":{"line":332,"column":31}},"55":{"start":{"line":333,"column":53},"end":{"line":333,"column":63}},"56":{"start":{"line":334,"column":14},"end":{"line":334,"column":38}},"57":{"start":{"line":335,"column":4},"end":{"line":335,"column":19}},"58":{"start":{"line":335,"column":12},"end":{"line":335,"column":19}},"59":{"start":{"line":338,"column":25},"end":{"line":338,"column":29}},"60":{"start":{"line":339,"column":4},"end":{"line":349,"column":6}},"61":{"start":{"line":351,"column":4},"end":{"line":351,"column":65}},"62":{"start":{"line":354,"column":22},"end":{"line":356,"column":54}},"63":{"start":{"line":357,"column":26},"end":{"line":357,"column":36}},"64":{"start":{"line":358,"column":4},"end":{"line":363,"column":7}},"65":{"start":{"line":365,"column":4},"end":{"line":365,"column":52}},"66":{"start":{"line":369,"column":4},"end":{"line":369,"column":50}},"67":{"start":{"line":369,"column":20},"end":{"line":369,"column":50}},"68":{"start":{"line":371,"column":4},"end":{"line":373,"column":5}},"69":{"start":{"line":372,"column":6},"end":{"line":372,"column":43}},"70":{"start":{"line":376,"column":78},"end":{"line":392,"column":3}},"71":{"start":{"line":382,"column":23},"end":{"line":382,"column":33}},"72":{"start":{"line":383,"column":14},"end":{"line":383,"column":38}},"73":{"start":{"line":384,"column":4},"end":{"line":384,"column":19}},"74":{"start":{"line":384,"column":12},"end":{"line":384,"column":19}},"75":{"start":{"line":386,"column":4},"end":{"line":389,"column":7}},"76":{"start":{"line":391,"column":4},"end":{"line":391,"column":58}},"77":{"start":{"line":394,"column":73},"end":{"line":459,"column":3}},"78":{"start":{"line":400,"column":38},"end":{"line":400,"column":48}},"79":{"start":{"line":401,"column":53},"end":{"line":401,"column":63}},"80":{"start":{"line":403,"column":27},"end":{"line":435,"column":6}},"81":{"start":{"line":407,"column":6},"end":{"line":426,"column":7}},"82":{"start":{"line":408,"column":27},"end":{"line":410,"column":9}},"83":{"start":{"line":409,"column":24},"end":{"line":409,"column":44}},"84":{"start":{"line":411,"column":8},"end":{"line":411,"column":46}},"85":{"start":{"line":414,"column":8},"end":{"line":425,"column":9}},"86":{"start":{"line":416,"column":23},"end":{"line":416,"column":31}},"87":{"start":{"line":417,"column":21},"end":{"line":417,"column":29}},"88":{"start":{"line":418,"column":10},"end":{"line":421,"column":13}},"89":{"start":{"line":419,"column":12},"end":{"line":419,"column":76}},"90":{"start":{"line":419,"column":36},"end":{"line":419,"column":76}},"91":{"start":{"line":420,"column":12},"end":{"line":420,"column":76}},"92":{"start":{"line":420,"column":36},"end":{"line":420,"column":76}},"93":{"start":{"line":423,"column":10},"end":{"line":423,"column":58}},"94":{"start":{"line":423,"column":39},"end":{"line":423,"column":58}},"95":{"start":{"line":424,"column":10},"end":{"line":424,"column":58}},"96":{"start":{"line":424,"column":39},"end":{"line":424,"column":58}},"97":{"start":{"line":428,"column":6},"end":{"line":432,"column":7}},"98":{"start":{"line":430,"column":8},"end":{"line":430,"column":16}},"99":{"start":{"line":431,"column":8},"end":{"line":431,"column":16}},"100":{"start":{"line":434,"column":6},"end":{"line":434,"column":15}},"101":{"start":{"line":438,"column":4},"end":{"line":438,"column":19}},"102":{"start":{"line":438,"column":12},"end":{"line":438,"column":19}},"103":{"start":{"line":441,"column":24},"end":{"line":448,"column":5}},"104":{"start":{"line":450,"column":4},"end":{"line":450,"column":75}},"105":{"start":{"line":453,"column":4},"end":{"line":458,"column":7}},"106":{"start":{"line":461,"column":77},"end":{"line":486,"column":3}},"107":{"start":{"line":467,"column":38},"end":{"line":467,"column":48}},"108":{"start":{"line":468,"column":35},"end":{"line":468,"column":45}},"109":{"start":{"line":469,"column":14},"end":{"line":469,"column":38}},"110":{"start":{"line":471,"column":4},"end":{"line":471,"column":69}},"111":{"start":{"line":474,"column":22},"end":{"line":476,"column":54}},"112":{"start":{"line":477,"column":26},"end":{"line":477,"column":36}},"113":{"start":{"line":478,"column":4},"end":{"line":483,"column":7}},"114":{"start":{"line":485,"column":4},"end":{"line":485,"column":52}},"115":{"start":{"line":493,"column":27},"end":{"line":493,"column":37}},"116":{"start":{"line":494,"column":4},"end":{"line":494,"column":33}},"117":{"start":{"line":494,"column":21},"end":{"line":494,"column":33}},"118":{"start":{"line":504,"column":8},"end":{"line":504,"column":18}},"119":{"start":{"line":507,"column":4},"end":{"line":529,"column":6}},"120":{"start":{"line":541,"column":4},"end":{"line":541,"column":37}},"121":{"start":{"line":541,"column":30},"end":{"line":541,"column":37}},"122":{"start":{"line":542,"column":14},"end":{"line":542,"column":65}},"123":{"start":{"line":543,"column":4},"end":{"line":543,"column":24}},"124":{"start":{"line":543,"column":12},"end":{"line":543,"column":24}},"125":{"start":{"line":560,"column":8},"end":{"line":560,"column":18}},"126":{"start":{"line":561,"column":42},"end":{"line":561,"column":52}},"127":{"start":{"line":567,"column":6},"end":{"line":569,"column":34}},"128":{"start":{"line":571,"column":6},"end":{"line":573,"column":34}},"129":{"start":{"line":574,"column":33},"end":{"line":574,"column":65}},"130":{"start":{"line":577,"column":20},"end":{"line":577,"column":67}},"131":{"start":{"line":579,"column":4},"end":{"line":617,"column":6}},"132":{"start":{"line":622,"column":46},"end":{"line":717,"column":3}},"133":{"start":{"line":623,"column":4},"end":{"line":623,"column":23}},"134":{"start":{"line":624,"column":4},"end":{"line":624,"column":24}},"135":{"start":{"line":629,"column":4},"end":{"line":635,"column":5}},"136":{"start":{"line":634,"column":6},"end":{"line":634,"column":19}},"137":{"start":{"line":647,"column":8},"end":{"line":647,"column":18}},"138":{"start":{"line":650,"column":29},"end":{"line":650,"column":48}},"139":{"start":{"line":651,"column":4},"end":{"line":656,"column":5}},"140":{"start":{"line":652,"column":6},"end":{"line":654,"column":7}},"141":{"start":{"line":653,"column":8},"end":{"line":653,"column":41}},"142":{"start":{"line":655,"column":6},"end":{"line":655,"column":19}},"143":{"start":{"line":657,"column":30},"end":{"line":657,"column":70}},"144":{"start":{"line":659,"column":23},"end":{"line":659,"column":33}},"145":{"start":{"line":661,"column":33},"end":{"line":661,"column":46}},"146":{"start":{"line":663,"column":6},"end":{"line":665,"column":31}},"147":{"start":{"line":664,"column":8},"end":{"line":664,"column":47}},"148":{"start":{"line":666,"column":17},"end":{"line":666,"column":48}},"149":{"start":{"line":667,"column":31},"end":{"line":667,"column":67}},"150":{"start":{"line":668,"column":15},"end":{"line":668,"column":56}},"151":{"start":{"line":669,"column":15},"end":{"line":669,"column":55}},"152":{"start":{"line":671,"column":29},"end":{"line":675,"column":5}},"153":{"start":{"line":677,"column":4},"end":{"line":716,"column":5}},"154":{"start":{"line":678,"column":45},"end":{"line":685,"column":7}},"155":{"start":{"line":687,"column":33},"end":{"line":693,"column":7}},"156":{"start":{"line":695,"column":6},"end":{"line":708,"column":9}},"157":{"start":{"line":709,"column":11},"end":{"line":716,"column":5}},"158":{"start":{"line":710,"column":28},"end":{"line":710,"column":55}},"159":{"start":{"line":711,"column":6},"end":{"line":711,"column":28}},"160":{"start":{"line":712,"column":35},"end":{"line":712,"column":58}},"161":{"start":{"line":713,"column":6},"end":{"line":715,"column":7}},"162":{"start":{"line":714,"column":8},"end":{"line":714,"column":44}},"163":{"start":{"line":719,"column":42},"end":{"line":735,"column":3}},"164":{"start":{"line":720,"column":35},"end":{"line":720,"column":45}},"165":{"start":{"line":721,"column":23},"end":{"line":721,"column":33}},"166":{"start":{"line":723,"column":22},"end":{"line":727,"column":5}},"167":{"start":{"line":724,"column":25},"end":{"line":724,"column":47}},"168":{"start":{"line":729,"column":4},"end":{"line":734,"column":7}},"169":{"start":{"line":737,"column":30},"end":{"line":750,"column":3}},"170":{"start":{"line":738,"column":4},"end":{"line":738,"column":23}},"171":{"start":{"line":739,"column":4},"end":{"line":739,"column":24}},"172":{"start":{"line":740,"column":4},"end":{"line":740,"column":28}},"173":{"start":{"line":747,"column":4},"end":{"line":749,"column":5}},"174":{"start":{"line":748,"column":6},"end":{"line":748,"column":39}},"175":{"start":{"line":752,"column":30},"end":{"line":756,"column":3}},"176":{"start":{"line":753,"column":4},"end":{"line":753,"column":23}},"177":{"start":{"line":754,"column":4},"end":{"line":754,"column":24}},"178":{"start":{"line":755,"column":4},"end":{"line":755,"column":28}},"179":{"start":{"line":758,"column":25},"end":{"line":771,"column":3}},"180":{"start":{"line":759,"column":4},"end":{"line":759,"column":23}},"181":{"start":{"line":760,"column":4},"end":{"line":760,"column":24}},"182":{"start":{"line":761,"column":29},"end":{"line":761,"column":39}},"183":{"start":{"line":762,"column":23},"end":{"line":762,"column":33}},"184":{"start":{"line":763,"column":17},"end":{"line":763,"column":57}},"185":{"start":{"line":763,"column":34},"end":{"line":763,"column":56}},"186":{"start":{"line":766,"column":4},"end":{"line":766,"column":30}},"187":{"start":{"line":768,"column":4},"end":{"line":768,"column":37}},"188":{"start":{"line":770,"column":4},"end":{"line":770,"column":39}},"189":{"start":{"line":774,"column":56},"end":{"line":774,"column":66}},"190":{"start":{"line":776,"column":28},"end":{"line":776,"column":60}},"191":{"start":{"line":777,"column":24},"end":{"line":780,"column":5}},"192":{"start":{"line":782,"column":4},"end":{"line":800,"column":6}},"193":{"start":{"line":793,"column":10},"end":{"line":793,"column":37}}},"fnMap":{"0":{"name":"(anonymous_0)","decl":{"start":{"line":141,"column":2},"end":{"line":141,"column":3}},"loc":{"start":{"line":141,"column":22},"end":{"line":146,"column":3}},"line":141},"1":{"name":"(anonymous_1)","decl":{"start":{"line":148,"column":2},"end":{"line":148,"column":3}},"loc":{"start":{"line":151,"column":26},"end":{"line":193,"column":3}},"line":151},"2":{"name":"(anonymous_2)","decl":{"start":{"line":195,"column":2},"end":{"line":195,"column":3}},"loc":{"start":{"line":195,"column":69},"end":{"line":206,"column":3}},"line":195},"3":{"name":"(anonymous_3)","decl":{"start":{"line":208,"column":2},"end":{"line":208,"column":3}},"loc":{"start":{"line":208,"column":57},"end":{"line":215,"column":3}},"line":208},"4":{"name":"(anonymous_4)","decl":{"start":{"line":221,"column":2},"end":{"line":221,"column":3}},"loc":{"start":{"line":221,"column":29},"end":{"line":233,"column":3}},"line":221},"5":{"name":"(anonymous_5)","decl":{"start":{"line":243,"column":74},"end":{"line":243,"column":75}},"loc":{"start":{"line":248,"column":7},"end":{"line":259,"column":3}},"line":248},"6":{"name":"(anonymous_6)","decl":{"start":{"line":269,"column":69},"end":{"line":269,"column":70}},"loc":{"start":{"line":274,"column":7},"end":{"line":313,"column":3}},"line":274},"7":{"name":"(anonymous_7)","decl":{"start":{"line":323,"column":73},"end":{"line":323,"column":74}},"loc":{"start":{"line":328,"column":7},"end":{"line":366,"column":3}},"line":328},"8":{"name":"(anonymous_8)","decl":{"start":{"line":368,"column":2},"end":{"line":368,"column":3}},"loc":{"start":{"line":368,"column":62},"end":{"line":374,"column":3}},"line":368},"9":{"name":"(anonymous_9)","decl":{"start":{"line":376,"column":78},"end":{"line":376,"column":79}},"loc":{"start":{"line":381,"column":7},"end":{"line":392,"column":3}},"line":381},"10":{"name":"(anonymous_10)","decl":{"start":{"line":394,"column":73},"end":{"line":394,"column":74}},"loc":{"start":{"line":399,"column":7},"end":{"line":459,"column":3}},"line":399},"11":{"name":"(anonymous_11)","decl":{"start":{"line":403,"column":53},"end":{"line":403,"column":54}},"loc":{"start":{"line":403,"column":58},"end":{"line":435,"column":5}},"line":403},"12":{"name":"(anonymous_12)","decl":{"start":{"line":409,"column":10},"end":{"line":409,"column":11}},"loc":{"start":{"line":409,"column":24},"end":{"line":409,"column":44}},"line":409},"13":{"name":"(anonymous_13)","decl":{"start":{"line":418,"column":29},"end":{"line":418,"column":30}},"loc":{"start":{"line":418,"column":43},"end":{"line":421,"column":11}},"line":418},"14":{"name":"(anonymous_14)","decl":{"start":{"line":461,"column":77},"end":{"line":461,"column":78}},"loc":{"start":{"line":466,"column":7},"end":{"line":486,"column":3}},"line":466},"15":{"name":"(anonymous_15)","decl":{"start":{"line":492,"column":2},"end":{"line":492,"column":3}},"loc":{"start":{"line":492,"column":36},"end":{"line":530,"column":3}},"line":492},"16":{"name":"(anonymous_16)","decl":{"start":{"line":537,"column":2},"end":{"line":537,"column":3}},"loc":{"start":{"line":540,"column":24},"end":{"line":618,"column":3}},"line":540},"17":{"name":"(anonymous_17)","decl":{"start":{"line":622,"column":46},"end":{"line":622,"column":47}},"loc":{"start":{"line":622,"column":68},"end":{"line":717,"column":3}},"line":622},"18":{"name":"(anonymous_18)","decl":{"start":{"line":663,"column":31},"end":{"line":663,"column":32}},"loc":{"start":{"line":664,"column":8},"end":{"line":664,"column":47}},"line":664},"19":{"name":"(anonymous_19)","decl":{"start":{"line":719,"column":42},"end":{"line":719,"column":43}},"loc":{"start":{"line":719,"column":48},"end":{"line":735,"column":3}},"line":719},"20":{"name":"(anonymous_20)","decl":{"start":{"line":724,"column":20},"end":{"line":724,"column":21}},"loc":{"start":{"line":724,"column":25},"end":{"line":724,"column":47}},"line":724},"21":{"name":"(anonymous_21)","decl":{"start":{"line":737,"column":30},"end":{"line":737,"column":31}},"loc":{"start":{"line":737,"column":35},"end":{"line":750,"column":3}},"line":737},"22":{"name":"(anonymous_22)","decl":{"start":{"line":752,"column":30},"end":{"line":752,"column":31}},"loc":{"start":{"line":752,"column":35},"end":{"line":756,"column":3}},"line":752},"23":{"name":"(anonymous_23)","decl":{"start":{"line":758,"column":25},"end":{"line":758,"column":26}},"loc":{"start":{"line":758,"column":39},"end":{"line":771,"column":3}},"line":758},"24":{"name":"(anonymous_24)","decl":{"start":{"line":763,"column":29},"end":{"line":763,"column":30}},"loc":{"start":{"line":763,"column":34},"end":{"line":763,"column":56}},"line":763},"25":{"name":"(anonymous_25)","decl":{"start":{"line":773,"column":2},"end":{"line":773,"column":3}},"loc":{"start":{"line":773,"column":33},"end":{"line":801,"column":3}},"line":773},"26":{"name":"(anonymous_26)","decl":{"start":{"line":792,"column":49},"end":{"line":792,"column":50}},"loc":{"start":{"line":793,"column":10},"end":{"line":793,"column":37}},"line":793}},"branchMap":{"0":{"loc":{"start":{"line":154,"column":4},"end":{"line":156,"column":5}},"type":"if","locations":[{"start":{"line":154,"column":4},"end":{"line":156,"column":5}},{"start":{},"end":{}}],"line":154},"1":{"loc":{"start":{"line":160,"column":4},"end":{"line":170,"column":5}},"type":"if","locations":[{"start":{"line":160,"column":4},"end":{"line":170,"column":5}},{"start":{"line":165,"column":11},"end":{"line":170,"column":5}}],"line":160},"2":{"loc":{"start":{"line":161,"column":6},"end":{"line":162,"column":53}},"type":"binary-expr","locations":[{"start":{"line":161,"column":6},"end":{"line":161,"column":55}},{"start":{"line":162,"column":6},"end":{"line":162,"column":53}}],"line":161},"3":{"loc":{"start":{"line":165,"column":11},"end":{"line":170,"column":5}},"type":"if","locations":[{"start":{"line":165,"column":11},"end":{"line":170,"column":5}},{"start":{},"end":{}}],"line":165},"4":{"loc":{"start":{"line":173,"column":4},"end":{"line":190,"column":5}},"type":"if","locations":[{"start":{"line":173,"column":4},"end":{"line":190,"column":5}},{"start":{},"end":{}}],"line":173},"5":{"loc":{"start":{"line":200,"column":6},"end":{"line":204,"column":64}},"type":"binary-expr","locations":[{"start":{"line":200,"column":6},"end":{"line":200,"column":48}},{"start":{"line":201,"column":6},"end":{"line":201,"column":56}},{"start":{"line":202,"column":6},"end":{"line":202,"column":52}},{"start":{"line":203,"column":6},"end":{"line":203,"column":46}},{"start":{"line":204,"column":6},"end":{"line":204,"column":64}}],"line":200},"6":{"loc":{"start":{"line":209,"column":4},"end":{"line":214,"column":5}},"type":"if","locations":[{"start":{"line":209,"column":4},"end":{"line":214,"column":5}},{"start":{},"end":{}}],"line":209},"7":{"loc":{"start":{"line":222,"column":4},"end":{"line":222,"column":37}},"type":"if","locations":[{"start":{"line":222,"column":4},"end":{"line":222,"column":37}},{"start":{},"end":{}}],"line":222},"8":{"loc":{"start":{"line":224,"column":30},"end":{"line":226,"column":28}},"type":"cond-expr","locations":[{"start":{"line":225,"column":8},"end":{"line":225,"column":38}},{"start":{"line":226,"column":8},"end":{"line":226,"column":28}}],"line":224},"9":{"loc":{"start":{"line":251,"column":4},"end":{"line":251,"column":19}},"type":"if","locations":[{"start":{"line":251,"column":4},"end":{"line":251,"column":19}},{"start":{},"end":{}}],"line":251},"10":{"loc":{"start":{"line":279,"column":4},"end":{"line":279,"column":19}},"type":"if","locations":[{"start":{"line":279,"column":4},"end":{"line":279,"column":19}},{"start":{},"end":{}}],"line":279},"11":{"loc":{"start":{"line":308,"column":14},"end":{"line":310,"column":56}},"type":"cond-expr","locations":[{"start":{"line":309,"column":10},"end":{"line":309,"column":16}},{"start":{"line":310,"column":10},"end":{"line":310,"column":56}}],"line":308},"12":{"loc":{"start":{"line":329,"column":4},"end":{"line":329,"column":39}},"type":"if","locations":[{"start":{"line":329,"column":4},"end":{"line":329,"column":39}},{"start":{},"end":{}}],"line":329},"13":{"loc":{"start":{"line":335,"column":4},"end":{"line":335,"column":19}},"type":"if","locations":[{"start":{"line":335,"column":4},"end":{"line":335,"column":19}},{"start":{},"end":{}}],"line":335},"14":{"loc":{"start":{"line":354,"column":22},"end":{"line":356,"column":54}},"type":"cond-expr","locations":[{"start":{"line":355,"column":8},"end":{"line":355,"column":14}},{"start":{"line":356,"column":8},"end":{"line":356,"column":54}}],"line":354},"15":{"loc":{"start":{"line":369,"column":4},"end":{"line":369,"column":50}},"type":"if","locations":[{"start":{"line":369,"column":4},"end":{"line":369,"column":50}},{"start":{},"end":{}}],"line":369},"16":{"loc":{"start":{"line":371,"column":4},"end":{"line":373,"column":5}},"type":"if","locations":[{"start":{"line":371,"column":4},"end":{"line":373,"column":5}},{"start":{},"end":{}}],"line":371},"17":{"loc":{"start":{"line":384,"column":4},"end":{"line":384,"column":19}},"type":"if","locations":[{"start":{"line":384,"column":4},"end":{"line":384,"column":19}},{"start":{},"end":{}}],"line":384},"18":{"loc":{"start":{"line":407,"column":6},"end":{"line":426,"column":7}},"type":"if","locations":[{"start":{"line":407,"column":6},"end":{"line":426,"column":7}},{"start":{},"end":{}}],"line":407},"19":{"loc":{"start":{"line":407,"column":10},"end":{"line":407,"column":43}},"type":"binary-expr","locations":[{"start":{"line":407,"column":10},"end":{"line":407,"column":26}},{"start":{"line":407,"column":30},"end":{"line":407,"column":43}}],"line":407},"20":{"loc":{"start":{"line":414,"column":8},"end":{"line":425,"column":9}},"type":"if","locations":[{"start":{"line":414,"column":8},"end":{"line":425,"column":9}},{"start":{},"end":{}}],"line":414},"21":{"loc":{"start":{"line":419,"column":12},"end":{"line":419,"column":76}},"type":"if","locations":[{"start":{"line":419,"column":12},"end":{"line":419,"column":76}},{"start":{},"end":{}}],"line":419},"22":{"loc":{"start":{"line":420,"column":12},"end":{"line":420,"column":76}},"type":"if","locations":[{"start":{"line":420,"column":12},"end":{"line":420,"column":76}},{"start":{},"end":{}}],"line":420},"23":{"loc":{"start":{"line":423,"column":10},"end":{"line":423,"column":58}},"type":"if","locations":[{"start":{"line":423,"column":10},"end":{"line":423,"column":58}},{"start":{},"end":{}}],"line":423},"24":{"loc":{"start":{"line":424,"column":10},"end":{"line":424,"column":58}},"type":"if","locations":[{"start":{"line":424,"column":10},"end":{"line":424,"column":58}},{"start":{},"end":{}}],"line":424},"25":{"loc":{"start":{"line":428,"column":6},"end":{"line":432,"column":7}},"type":"if","locations":[{"start":{"line":428,"column":6},"end":{"line":432,"column":7}},{"start":{},"end":{}}],"line":428},"26":{"loc":{"start":{"line":438,"column":4},"end":{"line":438,"column":19}},"type":"if","locations":[{"start":{"line":438,"column":4},"end":{"line":438,"column":19}},{"start":{},"end":{}}],"line":438},"27":{"loc":{"start":{"line":454,"column":14},"end":{"line":456,"column":59}},"type":"cond-expr","locations":[{"start":{"line":455,"column":10},"end":{"line":455,"column":19}},{"start":{"line":456,"column":10},"end":{"line":456,"column":59}}],"line":454},"28":{"loc":{"start":{"line":474,"column":22},"end":{"line":476,"column":54}},"type":"cond-expr","locations":[{"start":{"line":475,"column":8},"end":{"line":475,"column":14}},{"start":{"line":476,"column":8},"end":{"line":476,"column":54}}],"line":474},"29":{"loc":{"start":{"line":494,"column":4},"end":{"line":494,"column":33}},"type":"if","locations":[{"start":{"line":494,"column":4},"end":{"line":494,"column":33}},{"start":{},"end":{}}],"line":494},"30":{"loc":{"start":{"line":518,"column":26},"end":{"line":518,"column":52}},"type":"binary-expr","locations":[{"start":{"line":518,"column":26},"end":{"line":518,"column":42}},{"start":{"line":518,"column":46},"end":{"line":518,"column":52}}],"line":518},"31":{"loc":{"start":{"line":541,"column":4},"end":{"line":541,"column":37}},"type":"if","locations":[{"start":{"line":541,"column":4},"end":{"line":541,"column":37}},{"start":{},"end":{}}],"line":541},"32":{"loc":{"start":{"line":541,"column":8},"end":{"line":541,"column":28}},"type":"binary-expr","locations":[{"start":{"line":541,"column":8},"end":{"line":541,"column":14}},{"start":{"line":541,"column":18},"end":{"line":541,"column":28}}],"line":541},"33":{"loc":{"start":{"line":543,"column":4},"end":{"line":543,"column":24}},"type":"if","locations":[{"start":{"line":543,"column":4},"end":{"line":543,"column":24}},{"start":{},"end":{}}],"line":543},"34":{"loc":{"start":{"line":567,"column":6},"end":{"line":569,"column":34}},"type":"cond-expr","locations":[{"start":{"line":568,"column":10},"end":{"line":568,"column":23}},{"start":{"line":569,"column":10},"end":{"line":569,"column":34}}],"line":567},"35":{"loc":{"start":{"line":569,"column":10},"end":{"line":569,"column":34}},"type":"binary-expr","locations":[{"start":{"line":569,"column":10},"end":{"line":569,"column":19}},{"start":{"line":569,"column":23},"end":{"line":569,"column":34}}],"line":569},"36":{"loc":{"start":{"line":571,"column":6},"end":{"line":573,"column":34}},"type":"cond-expr","locations":[{"start":{"line":572,"column":10},"end":{"line":572,"column":23}},{"start":{"line":573,"column":10},"end":{"line":573,"column":34}}],"line":571},"37":{"loc":{"start":{"line":573,"column":10},"end":{"line":573,"column":34}},"type":"binary-expr","locations":[{"start":{"line":573,"column":10},"end":{"line":573,"column":19}},{"start":{"line":573,"column":23},"end":{"line":573,"column":34}}],"line":573},"38":{"loc":{"start":{"line":574,"column":33},"end":{"line":574,"column":65}},"type":"binary-expr","locations":[{"start":{"line":574,"column":33},"end":{"line":574,"column":48}},{"start":{"line":574,"column":52},"end":{"line":574,"column":65}}],"line":574},"39":{"loc":{"start":{"line":577,"column":20},"end":{"line":577,"column":67}},"type":"binary-expr","locations":[{"start":{"line":577,"column":20},"end":{"line":577,"column":29}},{"start":{"line":577,"column":33},"end":{"line":577,"column":42}},{"start":{"line":577,"column":46},"end":{"line":577,"column":67}}],"line":577},"40":{"loc":{"start":{"line":584,"column":26},"end":{"line":584,"column":52}},"type":"binary-expr","locations":[{"start":{"line":584,"column":26},"end":{"line":584,"column":42}},{"start":{"line":584,"column":46},"end":{"line":584,"column":52}}],"line":584},"41":{"loc":{"start":{"line":598,"column":26},"end":{"line":598,"column":53}},"type":"binary-expr","locations":[{"start":{"line":598,"column":26},"end":{"line":598,"column":42}},{"start":{"line":598,"column":46},"end":{"line":598,"column":53}}],"line":598},"42":{"loc":{"start":{"line":611,"column":26},"end":{"line":611,"column":71}},"type":"cond-expr","locations":[{"start":{"line":611,"column":43},"end":{"line":611,"column":59}},{"start":{"line":611,"column":62},"end":{"line":611,"column":71}}],"line":611},"43":{"loc":{"start":{"line":629,"column":4},"end":{"line":635,"column":5}},"type":"if","locations":[{"start":{"line":629,"column":4},"end":{"line":635,"column":5}},{"start":{},"end":{}}],"line":629},"44":{"loc":{"start":{"line":630,"column":6},"end":{"line":632,"column":64}},"type":"binary-expr","locations":[{"start":{"line":630,"column":6},"end":{"line":630,"column":15}},{"start":{"line":632,"column":6},"end":{"line":632,"column":64}}],"line":630},"45":{"loc":{"start":{"line":651,"column":4},"end":{"line":656,"column":5}},"type":"if","locations":[{"start":{"line":651,"column":4},"end":{"line":656,"column":5}},{"start":{},"end":{}}],"line":651},"46":{"loc":{"start":{"line":652,"column":6},"end":{"line":654,"column":7}},"type":"if","locations":[{"start":{"line":652,"column":6},"end":{"line":654,"column":7}},{"start":{},"end":{}}],"line":652},"47":{"loc":{"start":{"line":663,"column":6},"end":{"line":665,"column":31}},"type":"binary-expr","locations":[{"start":{"line":663,"column":6},"end":{"line":665,"column":7}},{"start":{"line":665,"column":11},"end":{"line":665,"column":31}}],"line":663},"48":{"loc":{"start":{"line":667,"column":31},"end":{"line":667,"column":67}},"type":"binary-expr","locations":[{"start":{"line":667,"column":31},"end":{"line":667,"column":47}},{"start":{"line":667,"column":51},"end":{"line":667,"column":57}},{"start":{"line":667,"column":61},"end":{"line":667,"column":67}}],"line":667},"49":{"loc":{"start":{"line":677,"column":4},"end":{"line":716,"column":5}},"type":"if","locations":[{"start":{"line":677,"column":4},"end":{"line":716,"column":5}},{"start":{"line":709,"column":11},"end":{"line":716,"column":5}}],"line":677},"50":{"loc":{"start":{"line":684,"column":26},"end":{"line":684,"column":52}},"type":"binary-expr","locations":[{"start":{"line":684,"column":26},"end":{"line":684,"column":42}},{"start":{"line":684,"column":46},"end":{"line":684,"column":52}}],"line":684},"51":{"loc":{"start":{"line":709,"column":11},"end":{"line":716,"column":5}},"type":"if","locations":[{"start":{"line":709,"column":11},"end":{"line":716,"column":5}},{"start":{},"end":{}}],"line":709},"52":{"loc":{"start":{"line":712,"column":35},"end":{"line":712,"column":58}},"type":"binary-expr","locations":[{"start":{"line":712,"column":35},"end":{"line":712,"column":45}},{"start":{"line":712,"column":49},"end":{"line":712,"column":58}}],"line":712},"53":{"loc":{"start":{"line":713,"column":6},"end":{"line":715,"column":7}},"type":"if","locations":[{"start":{"line":713,"column":6},"end":{"line":715,"column":7}},{"start":{},"end":{}}],"line":713},"54":{"loc":{"start":{"line":747,"column":4},"end":{"line":749,"column":5}},"type":"if","locations":[{"start":{"line":747,"column":4},"end":{"line":749,"column":5}},{"start":{},"end":{}}],"line":747},"55":{"loc":{"start":{"line":787,"column":16},"end":{"line":787,"column":48}},"type":"cond-expr","locations":[{"start":{"line":787,"column":30},"end":{"line":787,"column":41}},{"start":{"line":787,"column":44},"end":{"line":787,"column":48}}],"line":787},"56":{"loc":{"start":{"line":788,"column":21},"end":{"line":788,"column":58}},"type":"cond-expr","locations":[{"start":{"line":788,"column":35},"end":{"line":788,"column":51}},{"start":{"line":788,"column":54},"end":{"line":788,"column":58}}],"line":788},"57":{"loc":{"start":{"line":789,"column":21},"end":{"line":789,"column":58}},"type":"cond-expr","locations":[{"start":{"line":789,"column":35},"end":{"line":789,"column":51}},{"start":{"line":789,"column":54},"end":{"line":789,"column":58}}],"line":789},"58":{"loc":{"start":{"line":790,"column":20},"end":{"line":790,"column":56}},"type":"cond-expr","locations":[{"start":{"line":790,"column":34},"end":{"line":790,"column":49}},{"start":{"line":790,"column":52},"end":{"line":790,"column":56}}],"line":790},"59":{"loc":{"start":{"line":795,"column":9},"end":{"line":797,"column":64}},"type":"binary-expr","locations":[{"start":{"line":795,"column":9},"end":{"line":795,"column":20}},{"start":{"line":796,"column":10},"end":{"line":796,"column":36}},{"start":{"line":797,"column":10},"end":{"line":797,"column":64}}],"line":795}},"s":{"0":1,"1":1,"2":1,"3":1,"4":1,"5":1,"6":1,"7":9,"8":9,"9":9,"10":9,"11":22,"12":0,"13":22,"14":9,"15":13,"16":0,"17":22,"18":9,"19":9,"20":13,"21":13,"22":12,"23":12,"24":12,"25":12,"26":21,"27":0,"28":21,"29":21,"30":21,"31":9,"32":0,"33":0,"34":0,"35":0,"36":0,"37":0,"38":9,"39":0,"40":0,"41":0,"42":0,"43":0,"44":0,"45":0,"46":0,"47":0,"48":0,"49":0,"50":9,"51":0,"52":0,"53":0,"54":0,"55":0,"56":0,"57":0,"58":0,"59":0,"60":0,"61":0,"62":0,"63":0,"64":0,"65":0,"66":21,"67":0,"68":21,"69":8,"70":9,"71":0,"72":0,"73":0,"74":0,"75":0,"76":0,"77":9,"78":0,"79":0,"80":0,"81":0,"82":0,"83":0,"84":0,"85":0,"86":0,"87":0,"88":0,"89":0,"90":0,"91":0,"92":0,"93":0,"94":0,"95":0,"96":0,"97":0,"98":0,"99":0,"100":0,"101":0,"102":0,"103":0,"104":0,"105":0,"106":9,"107":0,"108":0,"109":0,"110":0,"111":0,"112":0,"113":0,"114":0,"115":21,"116":21,"117":21,"118":0,"119":0,"120":306,"121":4,"122":302,"123":302,"124":0,"125":302,"126":302,"127":302,"128":302,"129":302,"130":302,"131":302,"132":9,"133":1,"134":1,"135":1,"136":0,"137":1,"138":1,"139":1,"140":1,"141":0,"142":1,"143":0,"144":0,"145":0,"146":0,"147":0,"148":0,"149":0,"150":0,"151":0,"152":0,"153":0,"154":0,"155":0,"156":0,"157":0,"158":0,"159":0,"160":0,"161":0,"162":0,"163":9,"164":0,"165":0,"166":0,"167":0,"168":0,"169":9,"170":0,"171":0,"172":0,"173":0,"174":0,"175":9,"176":0,"177":0,"178":0,"179":9,"180":0,"181":0,"182":0,"183":0,"184":0,"185":0,"186":0,"187":0,"188":0,"189":21,"190":21,"191":21,"192":21,"193":306},"f":{"0":9,"1":22,"2":13,"3":12,"4":21,"5":0,"6":0,"7":0,"8":21,"9":0,"10":0,"11":0,"12":0,"13":0,"14":0,"15":21,"16":306,"17":1,"18":0,"19":0,"20":0,"21":0,"22":0,"23":0,"24":0,"25":21,"26":306},"b":{"0":[0,22],"1":[9,13],"2":[22,13],"3":[0,13],"4":[9,13],"5":[13,11,8,8,1],"6":[12,0],"7":[0,21],"8":[0,21],"9":[0,0],"10":[0,0],"11":[0,0],"12":[0,0],"13":[0,0],"14":[0,0],"15":[0,21],"16":[8,13],"17":[0,0],"18":[0,0],"19":[0,0],"20":[0,0],"21":[0,0],"22":[0,0],"23":[0,0],"24":[0,0],"25":[0,0],"26":[0,0],"27":[0,0],"28":[0,0],"29":[21,0],"30":[0,0],"31":[4,302],"32":[306,302],"33":[0,302],"34":[0,302],"35":[302,290],"36":[0,302],"37":[302,290],"38":[302,302],"39":[302,290,0],"40":[302,302],"41":[302,252],"42":[0,302],"43":[0,1],"44":[1,0],"45":[1,0],"46":[0,1],"47":[0,0],"48":[0,0,0],"49":[0,0],"50":[0,0],"51":[0,0],"52":[0,0],"53":[0,0],"54":[0,0],"55":[2,19],"56":[2,19],"57":[2,19],"58":[2,19],"59":[21,2,0]},"_coverageSchema":"1a1c01bbd47fc00a2c39e90264f33305004495a9","hash":"b83db52de668444243463a3286940a748623f4d9"}
,"/home/reyx/Projects/react/react-grid-layout/lib/ReactGridLayoutPropTypes.js": {"path":"/home/reyx/Projects/react/react-grid-layout/lib/ReactGridLayoutPropTypes.js","statementMap":{"0":{"start":{"line":49,"column":2},"end":{"line":51,"column":3}},"1":{"start":{"line":54,"column":2},"end":{"line":54,"column":55}},"2":{"start":{"line":129,"column":4},"end":{"line":138,"column":5}},"3":{"start":{"line":133,"column":6},"end":{"line":137,"column":8}},"4":{"start":{"line":149,"column":17},"end":{"line":149,"column":29}},"5":{"start":{"line":151,"column":4},"end":{"line":151,"column":37}},"6":{"start":{"line":151,"column":30},"end":{"line":151,"column":37}},"7":{"start":{"line":152,"column":4},"end":{"line":152,"column":56}},"8":{"start":{"line":230,"column":21},"end":{"line":230,"column":36}},"9":{"start":{"line":233,"column":17},"end":{"line":233,"column":19}},"10":{"start":{"line":234,"column":4},"end":{"line":244,"column":7}},"11":{"start":{"line":235,"column":6},"end":{"line":235,"column":37}},"12":{"start":{"line":235,"column":30},"end":{"line":235,"column":37}},"13":{"start":{"line":236,"column":6},"end":{"line":242,"column":7}},"14":{"start":{"line":237,"column":8},"end":{"line":241,"column":10}},"15":{"start":{"line":243,"column":6},"end":{"line":243,"column":29}}},"fnMap":{"0":{"name":"(anonymous_0)","decl":{"start":{"line":128,"column":19},"end":{"line":128,"column":20}},"loc":{"start":{"line":128,"column":43},"end":{"line":139,"column":3}},"line":128},"1":{"name":"(anonymous_1)","decl":{"start":{"line":148,"column":10},"end":{"line":148,"column":11}},"loc":{"start":{"line":148,"column":34},"end":{"line":153,"column":3}},"line":148},"2":{"name":"(anonymous_2)","decl":{"start":{"line":229,"column":12},"end":{"line":229,"column":13}},"loc":{"start":{"line":229,"column":54},"end":{"line":245,"column":3}},"line":229},"3":{"name":"(anonymous_3)","decl":{"start":{"line":234,"column":37},"end":{"line":234,"column":38}},"loc":{"start":{"line":234,"column":54},"end":{"line":244,"column":5}},"line":234}},"branchMap":{"0":{"loc":{"start":{"line":129,"column":4},"end":{"line":138,"column":5}},"type":"if","locations":[{"start":{"line":129,"column":4},"end":{"line":138,"column":5}},{"start":{},"end":{}}],"line":129},"1":{"loc":{"start":{"line":130,"column":6},"end":{"line":131,"column":43}},"type":"binary-expr","locations":[{"start":{"line":130,"column":6},"end":{"line":130,"column":37}},{"start":{"line":131,"column":6},"end":{"line":131,"column":43}}],"line":130},"2":{"loc":{"start":{"line":151,"column":4},"end":{"line":151,"column":37}},"type":"if","locations":[{"start":{"line":151,"column":4},"end":{"line":151,"column":37}},{"start":{},"end":{}}],"line":151},"3":{"loc":{"start":{"line":235,"column":6},"end":{"line":235,"column":37}},"type":"if","locations":[{"start":{"line":235,"column":6},"end":{"line":235,"column":37}},{"start":{},"end":{}}],"line":235},"4":{"loc":{"start":{"line":236,"column":6},"end":{"line":242,"column":7}},"type":"if","locations":[{"start":{"line":236,"column":6},"end":{"line":242,"column":7}},{"start":{},"end":{}}],"line":236}},"s":{"0":1,"1":1,"2":17,"3":0,"4":17,"5":17,"6":0,"7":17,"8":17,"9":17,"10":17,"11":226,"12":4,"13":222,"14":0,"15":222},"f":{"0":17,"1":17,"2":17,"3":226},"b":{"0":[0,17],"1":[17,0],"2":[0,17],"3":[4,222],"4":[0,222]},"_coverageSchema":"1a1c01bbd47fc00a2c39e90264f33305004495a9","hash":"a2ca235419b6c36f50a41d7c63ed02932b27fb3e"}
,"/home/reyx/Projects/react/react-grid-layout/lib/ResponsiveReactGridLayout.jsx": {"path":"/home/reyx/Projects/react/react-grid-layout/lib/ResponsiveReactGridLayout.jsx","statementMap":{"0":{"start":{"line":25,"column":13},"end":{"line":25,"column":55}},"1":{"start":{"line":25,"column":20},"end":{"line":25,"column":55}},"2":{"start":{"line":39,"column":2},"end":{"line":39,"column":33}},"3":{"start":{"line":39,"column":21},"end":{"line":39,"column":33}},"4":{"start":{"line":41,"column":2},"end":{"line":41,"column":58}},"5":{"start":{"line":96,"column":21},"end":{"line":161,"column":3}},"6":{"start":{"line":128,"column":6},"end":{"line":133,"column":7}},"7":{"start":{"line":129,"column":8},"end":{"line":132,"column":10}},"8":{"start":{"line":134,"column":6},"end":{"line":141,"column":9}},"9":{"start":{"line":135,"column":8},"end":{"line":139,"column":9}},"10":{"start":{"line":136,"column":10},"end":{"line":138,"column":12}},"11":{"start":{"line":140,"column":8},"end":{"line":140,"column":61}},"12":{"start":{"line":163,"column":38},"end":{"line":173,"column":3}},"13":{"start":{"line":175,"column":17},"end":{"line":175,"column":44}},"14":{"start":{"line":178,"column":50},"end":{"line":178,"column":60}},"15":{"start":{"line":179,"column":23},"end":{"line":179,"column":65}},"16":{"start":{"line":180,"column":18},"end":{"line":180,"column":57}},"17":{"start":{"line":183,"column":6},"end":{"line":183,"column":74}},"18":{"start":{"line":186,"column":26},"end":{"line":193,"column":5}},"19":{"start":{"line":195,"column":4},"end":{"line":199,"column":6}},"20":{"start":{"line":206,"column":4},"end":{"line":221,"column":5}},"21":{"start":{"line":208,"column":35},"end":{"line":208,"column":44}},"22":{"start":{"line":212,"column":24},"end":{"line":219,"column":7}},"23":{"start":{"line":220,"column":6},"end":{"line":220,"column":63}},"24":{"start":{"line":223,"column":4},"end":{"line":223,"column":16}},"25":{"start":{"line":228,"column":4},"end":{"line":235,"column":5}},"26":{"start":{"line":234,"column":6},"end":{"line":234,"column":36}},"27":{"start":{"line":239,"column":35},"end":{"line":244,"column":3}},"28":{"start":{"line":240,"column":4},"end":{"line":243,"column":7}},"29":{"start":{"line":251,"column":56},"end":{"line":251,"column":66}},"30":{"start":{"line":253,"column":6},"end":{"line":254,"column":70}},"31":{"start":{"line":256,"column":27},"end":{"line":256,"column":48}},"32":{"start":{"line":257,"column":28},"end":{"line":257,"column":70}},"33":{"start":{"line":258,"column":23},"end":{"line":258,"column":37}},"34":{"start":{"line":261,"column":4},"end":{"line":301,"column":5}},"35":{"start":{"line":267,"column":6},"end":{"line":268,"column":68}},"36":{"start":{"line":268,"column":8},"end":{"line":268,"column":68}},"37":{"start":{"line":271,"column":19},"end":{"line":278,"column":7}},"38":{"start":{"line":281,"column":6},"end":{"line":287,"column":8}},"39":{"start":{"line":290,"column":6},"end":{"line":290,"column":41}},"40":{"start":{"line":293,"column":6},"end":{"line":293,"column":52}},"41":{"start":{"line":294,"column":6},"end":{"line":294,"column":60}},"42":{"start":{"line":296,"column":6},"end":{"line":300,"column":9}},"43":{"start":{"line":303,"column":19},"end":{"line":303,"column":72}},"44":{"start":{"line":304,"column":29},"end":{"line":307,"column":5}},"45":{"start":{"line":310,"column":4},"end":{"line":315,"column":6}},"46":{"start":{"line":331,"column":8},"end":{"line":331,"column":18}},"47":{"start":{"line":334,"column":4},"end":{"line":347,"column":6}}},"fnMap":{"0":{"name":"(anonymous_0)","decl":{"start":{"line":25,"column":13},"end":{"line":25,"column":14}},"loc":{"start":{"line":25,"column":20},"end":{"line":25,"column":55}},"line":25},"1":{"name":"getIndentationValue","decl":{"start":{"line":34,"column":9},"end":{"line":34,"column":28}},"loc":{"start":{"line":37,"column":5},"end":{"line":42,"column":1}},"line":37},"2":{"name":"(anonymous_2)","decl":{"start":{"line":127,"column":4},"end":{"line":127,"column":5}},"loc":{"start":{"line":127,"column":46},"end":{"line":142,"column":5}},"line":127},"3":{"name":"(anonymous_3)","decl":{"start":{"line":134,"column":43},"end":{"line":134,"column":44}},"loc":{"start":{"line":134,"column":50},"end":{"line":141,"column":7}},"line":134},"4":{"name":"(anonymous_4)","decl":{"start":{"line":177,"column":2},"end":{"line":177,"column":3}},"loc":{"start":{"line":177,"column":32},"end":{"line":200,"column":3}},"line":177},"5":{"name":"(anonymous_5)","decl":{"start":{"line":202,"column":2},"end":{"line":202,"column":3}},"loc":{"start":{"line":205,"column":20},"end":{"line":224,"column":3}},"line":205},"6":{"name":"(anonymous_6)","decl":{"start":{"line":226,"column":2},"end":{"line":226,"column":3}},"loc":{"start":{"line":226,"column":42},"end":{"line":236,"column":3}},"line":226},"7":{"name":"(anonymous_7)","decl":{"start":{"line":239,"column":35},"end":{"line":239,"column":36}},"loc":{"start":{"line":239,"column":55},"end":{"line":244,"column":3}},"line":239},"8":{"name":"(anonymous_8)","decl":{"start":{"line":250,"column":2},"end":{"line":250,"column":3}},"loc":{"start":{"line":250,"column":37},"end":{"line":316,"column":3}},"line":250},"9":{"name":"(anonymous_9)","decl":{"start":{"line":318,"column":2},"end":{"line":318,"column":3}},"loc":{"start":{"line":318,"column":50},"end":{"line":348,"column":3}},"line":318}},"branchMap":{"0":{"loc":{"start":{"line":39,"column":2},"end":{"line":39,"column":33}},"type":"if","locations":[{"start":{"line":39,"column":2},"end":{"line":39,"column":33}},{"start":{},"end":{}}],"line":39},"1":{"loc":{"start":{"line":41,"column":9},"end":{"line":41,"column":57}},"type":"cond-expr","locations":[{"start":{"line":41,"column":32},"end":{"line":41,"column":37}},{"start":{"line":41,"column":40},"end":{"line":41,"column":57}}],"line":41},"2":{"loc":{"start":{"line":128,"column":6},"end":{"line":133,"column":7}},"type":"if","locations":[{"start":{"line":128,"column":6},"end":{"line":133,"column":7}},{"start":{},"end":{}}],"line":128},"3":{"loc":{"start":{"line":135,"column":8},"end":{"line":139,"column":9}},"type":"if","locations":[{"start":{"line":135,"column":8},"end":{"line":139,"column":9}},{"start":{},"end":{}}],"line":135},"4":{"loc":{"start":{"line":183,"column":6},"end":{"line":183,"column":74}},"type":"cond-expr","locations":[{"start":{"line":183,"column":45},"end":{"line":183,"column":49}},{"start":{"line":183,"column":52},"end":{"line":183,"column":74}}],"line":183},"5":{"loc":{"start":{"line":206,"column":4},"end":{"line":221,"column":5}},"type":"if","locations":[{"start":{"line":206,"column":4},"end":{"line":221,"column":5}},{"start":{},"end":{}}],"line":206},"6":{"loc":{"start":{"line":228,"column":4},"end":{"line":235,"column":5}},"type":"if","locations":[{"start":{"line":228,"column":4},"end":{"line":235,"column":5}},{"start":{},"end":{}}],"line":228},"7":{"loc":{"start":{"line":229,"column":6},"end":{"line":232,"column":47}},"type":"binary-expr","locations":[{"start":{"line":229,"column":6},"end":{"line":229,"column":41}},{"start":{"line":230,"column":6},"end":{"line":230,"column":52}},{"start":{"line":231,"column":6},"end":{"line":231,"column":61}},{"start":{"line":232,"column":6},"end":{"line":232,"column":47}}],"line":229},"8":{"loc":{"start":{"line":253,"column":6},"end":{"line":254,"column":70}},"type":"binary-expr","locations":[{"start":{"line":253,"column":6},"end":{"line":253,"column":27}},{"start":{"line":254,"column":6},"end":{"line":254,"column":70}}],"line":253},"9":{"loc":{"start":{"line":261,"column":4},"end":{"line":301,"column":5}},"type":"if","locations":[{"start":{"line":261,"column":4},"end":{"line":301,"column":5}},{"start":{},"end":{}}],"line":261},"10":{"loc":{"start":{"line":262,"column":6},"end":{"line":264,"column":29}},"type":"binary-expr","locations":[{"start":{"line":262,"column":6},"end":{"line":262,"column":38}},{"start":{"line":263,"column":6},"end":{"line":263,"column":43}},{"start":{"line":264,"column":6},"end":{"line":264,"column":29}}],"line":262},"11":{"loc":{"start":{"line":267,"column":6},"end":{"line":268,"column":68}},"type":"if","locations":[{"start":{"line":267,"column":6},"end":{"line":268,"column":68}},{"start":{},"end":{}}],"line":267}},"s":{"0":1,"1":8,"2":18,"3":0,"4":18,"5":1,"6":8,"7":0,"8":8,"9":8,"10":0,"11":8,"12":1,"13":3,"14":3,"15":3,"16":3,"17":3,"18":3,"19":3,"20":8,"21":3,"22":3,"23":3,"24":5,"25":5,"26":1,"27":3,"28":2,"29":1,"30":1,"31":1,"32":1,"33":1,"34":1,"35":1,"36":0,"37":1,"38":1,"39":1,"40":1,"41":1,"42":1,"43":1,"44":1,"45":1,"46":8,"47":8},"f":{"0":8,"1":18,"2":8,"3":8,"4":3,"5":8,"6":5,"7":2,"8":1,"9":8},"b":{"0":[0,18],"1":[9,9],"2":[0,8],"3":[0,8],"4":[0,3],"5":[3,5],"6":[1,4],"7":[5,4,4,4],"8":[1,0],"9":[1,0],"10":[1,0,0],"11":[0,1]},"_coverageSchema":"1a1c01bbd47fc00a2c39e90264f33305004495a9","hash":"a854c6ec515e85157726fa963e8791e94a4b289b"}
,"/home/reyx/Projects/react/react-grid-layout/lib/calculateUtils.js": {"path":"/home/reyx/Projects/react/react-grid-layout/lib/calculateUtils.js","statementMap":{"0":{"start":{"line":15,"column":61},"end":{"line":15,"column":75}},"1":{"start":{"line":16,"column":2},"end":{"line":18,"column":4}},"2":{"start":{"line":31,"column":2},"end":{"line":31,"column":52}},"3":{"start":{"line":31,"column":35},"end":{"line":31,"column":52}},"4":{"start":{"line":32,"column":2},"end":{"line":34,"column":4}},"5":{"start":{"line":55,"column":50},"end":{"line":55,"column":64}},"6":{"start":{"line":56,"column":19},"end":{"line":56,"column":51}},"7":{"start":{"line":57,"column":14},"end":{"line":57,"column":16}},"8":{"start":{"line":60,"column":2},"end":{"line":68,"column":3}},"9":{"start":{"line":61,"column":4},"end":{"line":61,"column":49}},"10":{"start":{"line":62,"column":4},"end":{"line":62,"column":51}},"11":{"start":{"line":66,"column":4},"end":{"line":66,"column":57}},"12":{"start":{"line":67,"column":4},"end":{"line":67,"column":59}},"13":{"start":{"line":71,"column":2},"end":{"line":79,"column":3}},"14":{"start":{"line":72,"column":4},"end":{"line":72,"column":45}},"15":{"start":{"line":73,"column":4},"end":{"line":73,"column":47}},"16":{"start":{"line":77,"column":4},"end":{"line":77,"column":76}},"17":{"start":{"line":78,"column":4},"end":{"line":78,"column":76}},"18":{"start":{"line":81,"column":2},"end":{"line":81,"column":13}},"19":{"start":{"line":100,"column":47},"end":{"line":100,"column":61}},"20":{"start":{"line":101,"column":19},"end":{"line":101,"column":51}},"21":{"start":{"line":110,"column":10},"end":{"line":110,"column":65}},"22":{"start":{"line":111,"column":10},"end":{"line":111,"column":65}},"23":{"start":{"line":114,"column":2},"end":{"line":114,"column":28}},"24":{"start":{"line":115,"column":2},"end":{"line":115,"column":31}},"25":{"start":{"line":116,"column":2},"end":{"line":116,"column":18}},"26":{"start":{"line":135,"column":47},"end":{"line":135,"column":61}},"27":{"start":{"line":136,"column":19},"end":{"line":136,"column":51}},"28":{"start":{"line":141,"column":10},"end":{"line":141,"column":66}},"29":{"start":{"line":142,"column":10},"end":{"line":142,"column":68}},"30":{"start":{"line":145,"column":2},"end":{"line":145,"column":28}},"31":{"start":{"line":146,"column":2},"end":{"line":146,"column":31}},"32":{"start":{"line":147,"column":2},"end":{"line":147,"column":18}},"33":{"start":{"line":156,"column":2},"end":{"line":156,"column":57}}},"fnMap":{"0":{"name":"calcGridColWidth","decl":{"start":{"line":14,"column":16},"end":{"line":14,"column":32}},"loc":{"start":{"line":14,"column":73},"end":{"line":19,"column":1}},"line":14},"1":{"name":"calcGridItemWHPx","decl":{"start":{"line":25,"column":16},"end":{"line":25,"column":32}},"loc":{"start":{"line":29,"column":10},"end":{"line":35,"column":1}},"line":29},"2":{"name":"calcGridItemPosition","decl":{"start":{"line":47,"column":16},"end":{"line":47,"column":36}},"loc":{"start":{"line":54,"column":12},"end":{"line":82,"column":1}},"line":54},"3":{"name":"calcXY","decl":{"start":{"line":93,"column":16},"end":{"line":93,"column":22}},"loc":{"start":{"line":99,"column":28},"end":{"line":117,"column":1}},"line":99},"4":{"name":"calcWH","decl":{"start":{"line":128,"column":16},"end":{"line":128,"column":22}},"loc":{"start":{"line":134,"column":28},"end":{"line":148,"column":1}},"line":134},"5":{"name":"clamp","decl":{"start":{"line":151,"column":16},"end":{"line":151,"column":21}},"loc":{"start":{"line":155,"column":10},"end":{"line":157,"column":1}},"line":155}},"branchMap":{"0":{"loc":{"start":{"line":31,"column":2},"end":{"line":31,"column":52}},"type":"if","locations":[{"start":{"line":31,"column":2},"end":{"line":31,"column":52}},{"start":{},"end":{}}],"line":31},"1":{"loc":{"start":{"line":60,"column":2},"end":{"line":68,"column":3}},"type":"if","locations":[{"start":{"line":60,"column":2},"end":{"line":68,"column":3}},{"start":{"line":65,"column":7},"end":{"line":68,"column":3}}],"line":60},"2":{"loc":{"start":{"line":60,"column":6},"end":{"line":60,"column":29}},"type":"binary-expr","locations":[{"start":{"line":60,"column":6},"end":{"line":60,"column":11}},{"start":{"line":60,"column":15},"end":{"line":60,"column":29}}],"line":60},"3":{"loc":{"start":{"line":71,"column":2},"end":{"line":79,"column":3}},"type":"if","locations":[{"start":{"line":71,"column":2},"end":{"line":79,"column":3}},{"start":{"line":76,"column":7},"end":{"line":79,"column":3}}],"line":71},"4":{"loc":{"start":{"line":71,"column":6},"end":{"line":71,"column":29}},"type":"binary-expr","locations":[{"start":{"line":71,"column":6},"end":{"line":71,"column":11}},{"start":{"line":71,"column":15},"end":{"line":71,"column":29}}],"line":71}},"s":{"0":1517,"1":1517,"2":3008,"3":632,"4":2376,"5":1503,"6":1503,"7":1503,"8":1503,"9":0,"10":0,"11":1503,"12":1503,"13":1503,"14":6,"15":6,"16":1497,"17":1497,"18":1503,"19":6,"20":6,"21":6,"22":6,"23":6,"24":6,"25":6,"26":3,"27":3,"28":3,"29":3,"30":3,"31":3,"32":3,"33":20},"f":{"0":1517,"1":3008,"2":1503,"3":6,"4":3,"5":20},"b":{"0":[632,2376],"1":[0,1503],"2":[1503,552],"3":[6,1497],"4":[1503,552]},"_coverageSchema":"1a1c01bbd47fc00a2c39e90264f33305004495a9","hash":"90e69405049e8249b1fc0bff79734bc67bf101aa"}
,"/home/reyx/Projects/react/react-grid-layout/lib/fastRGLPropsEqual.js": {"path":"/home/reyx/Projects/react/react-grid-layout/lib/fastRGLPropsEqual.js","statementMap":{},"fnMap":{},"branchMap":{},"s":{},"f":{},"b":{},"_coverageSchema":"1a1c01bbd47fc00a2c39e90264f33305004495a9","hash":"86aaee250d7c04cb77514997056934b56664c426"}
,"/home/reyx/Projects/react/react-grid-layout/lib/responsiveUtils.js": {"path":"/home/reyx/Projects/react/react-grid-layout/lib/responsiveUtils.js","statementMap":{"0":{"start":{"line":34,"column":17},"end":{"line":34,"column":45}},"1":{"start":{"line":35,"column":17},"end":{"line":35,"column":26}},"2":{"start":{"line":36,"column":2},"end":{"line":39,"column":3}},"3":{"start":{"line":36,"column":15},"end":{"line":36,"column":16}},"4":{"start":{"line":36,"column":24},"end":{"line":36,"column":37}},"5":{"start":{"line":37,"column":27},"end":{"line":37,"column":36}},"6":{"start":{"line":38,"column":4},"end":{"line":38,"column":71}},"7":{"start":{"line":38,"column":45},"end":{"line":38,"column":71}},"8":{"start":{"line":40,"column":2},"end":{"line":40,"column":18}},"9":{"start":{"line":53,"column":2},"end":{"line":59,"column":3}},"10":{"start":{"line":54,"column":4},"end":{"line":58,"column":6}},"11":{"start":{"line":60,"column":2},"end":{"line":60,"column":26}},"12":{"start":{"line":86,"column":2},"end":{"line":86,"column":67}},"13":{"start":{"line":86,"column":27},"end":{"line":86,"column":67}},"14":{"start":{"line":88,"column":15},"end":{"line":88,"column":38}},"15":{"start":{"line":89,"column":28},"end":{"line":89,"column":56}},"16":{"start":{"line":90,"column":27},"end":{"line":92,"column":3}},"17":{"start":{"line":93,"column":2},"end":{"line":99,"column":3}},"18":{"start":{"line":93,"column":15},"end":{"line":93,"column":16}},"19":{"start":{"line":93,"column":24},"end":{"line":93,"column":47}},"20":{"start":{"line":94,"column":14},"end":{"line":94,"column":33}},"21":{"start":{"line":95,"column":4},"end":{"line":98,"column":5}},"22":{"start":{"line":96,"column":6},"end":{"line":96,"column":26}},"23":{"start":{"line":97,"column":6},"end":{"line":97,"column":12}},"24":{"start":{"line":100,"column":2},"end":{"line":100,"column":37}},"25":{"start":{"line":101,"column":2},"end":{"line":101,"column":75}},"26":{"start":{"line":114,"column":30},"end":{"line":114,"column":54}},"27":{"start"
[...]
":34},"end":{"line":8,"column":59}},"1":{"start":{"line":24,"column":31},"end":{"line":29,"column":3}},"2":{"start":{"line":31,"column":17},"end":{"line":36,"column":3}},"3":{"start":{"line":39,"column":4},"end":{"line":39,"column":37}},"4":{"start":{"line":43,"column":4},"end":{"line":58,"column":7}},"5":{"start":{"line":44,"column":6},"end":{"line":57,"column":8}},"6":{"start":{"line":61,"column":45},"end":{"line":65,"column":3}},"7":{"start":{"line":62,"column":4},"end":{"line":64,"column":7}},"8":{"start":{"line":67,"column":36},"end":{"line":76,"column":3}},"9":{"start":{"line":68,"column":44},"end":{"line":68,"column":54}},"10":{"start":{"line":70,"column":6},"end":{"line":74,"column":22}},"11":{"start":{"line":75,"column":4},"end":{"line":75,"column":35}},"12":{"start":{"line":78,"column":43},"end":{"line":80,"column":3}},"13":{"start":{"line":79,"column":4},"end":{"line":79,"column":47}},"14":{"start":{"line":82,"column":30},"end":{"line":86,"column":3}},"15":{"start":{"line":83,"column":4},"end":{"line":85,"column":7}},"16":{"start":{"line":88,"column":66},"end":{"line":90,"column":3}},"17":{"start":{"line":89,"column":4},"end":{"line":89,"column":63}},"18":{"start":{"line":94,"column":4},"end":{"line":125,"column":6}},"19":{"start":{"line":130,"column":2},"end":{"line":140,"column":5}},"20":{"start":{"line":131,"column":12},"end":{"line":131,"column":44}},"21":{"start":{"line":132,"column":4},"end":{"line":139,"column":6}},"22":{"start":{"line":143,"column":0},"end":{"line":145,"column":1}},"23":{"start":{"line":144,"column":2},"end":{"line":144,"column":68}},"24":{"start":{"line":144,"column":40},"end":{"line":144,"column":66}}},"fnMap":{"0":{"name":"(anonymous_0)","decl":{"start":{"line":27,"column":20},"end":{"line":27,"column":21}},"loc":{"start":{"line":27,"column":31},"end":{"line":27,"column":33}},"line":27},"1":{"name":"(anonymous_1)","decl":{"start":{"line":38,"column":2},"end":{"line":38,"column":3}},"loc":{"start":{"line":38,"column":22},"end":{"line":40,"column":3}},"line":38},"2":{"name":"(anonymous_2)","decl":{"start":{"line":42,"column":2},"end":{"line":42,"column":3}},"loc":{"start":{"line":42,"column":31},"end":{"line":59,"column":3}},"line":42},"3":{"name":"(anonymous_3)","decl":{"start":{"line":43,"column":40},"end":{"line":43,"column":41}},"loc":{"start":{"line":43,"column":55},"end":{"line":58,"column":5}},"line":43},"4":{"name":"(anonymous_4)","decl":{"start":{"line":61,"column":45},"end":{"line":61,"column":46}},"loc":{"start":{"line":61,"column":73},"end":{"line":65,"column":3}},"line":61},"5":{"name":"(anonymous_5)","decl":{"start":{"line":67,"column":36},"end":{"line":67,"column":37}},"loc":{"start":{"line":67,"column":42},"end":{"line":76,"column":3}},"line":67},"6":{"name":"(anonymous_6)","decl":{"start":{"line":78,"column":43},"end":{"line":78,"column":44}},"loc":{"start":{"line":78,"column":64},"end":{"line":80,"column":3}},"line":78},"7":{"name":"(anonymous_7)","decl":{"start":{"line":82,"column":30},"end":{"line":82,"column":31}},"loc":{"start":{"line":82,"column":36},"end":{"line":86,"column":3}},"line":82},"8":{"name":"(anonymous_8)","decl":{"start":{"line":88,"column":66},"end":{"line":88,"column":67}},"loc":{"start":{"line":88,"column":82},"end":{"line":90,"column":3}},"line":88},"9":{"name":"(anonymous_9)","decl":{"start":{"line":92,"column":2},"end":{"line":92,"column":3}},"loc":{"start":{"line":92,"column":23},"end":{"line":126,"column":3}},"line":92},"10":{"name":"generateLayout","decl":{"start":{"line":129,"column":9},"end":{"line":129,"column":23}},"loc":{"start":{"line":129,"column":26},"end":{"line":141,"column":1}},"line":129},"11":{"name":"(anonymous_11)","decl":{"start":{"line":130,"column":31},"end":{"line":130,"column":32}},"loc":{"start":{"line":130,"column":49},"end":{"line":140,"column":3}},"line":130},"12":{"name":"(anonymous_12)","decl":{"start":{"line":144,"column":34},"end":{"line":144,"column":35}},"loc":{"start":{"line":144,"column":40},"end":{"line":144,"column":66}},"line":144}},"branchMap":{"0":{"loc":{"start":{"line":45,"column":32},"end":{"line":45,"column":56}},"type":"cond-expr","locations":[{"start":{"line":45,"column":43},"end":{"line":45,"column":51}},{"start":{"line":45,"column":54},"end":{"line":45,"column":56}}],"line":45},"1":{"loc":{"start":{"line":46,"column":11},"end":{"line":55,"column":11}},"type":"cond-expr","locations":[{"start":{"line":47,"column":12},"end":{"line":52,"column":19}},{"start":{"line":54,"column":12},"end":{"line":54,"column":45}}],"line":46},"2":{"loc":{"start":{"line":70,"column":6},"end":{"line":74,"column":22}},"type":"cond-expr","locations":[{"start":{"line":71,"column":10},"end":{"line":71,"column":20}},{"start":{"line":72,"column":10},"end":{"line":74,"column":22}}],"line":70},"3":{"loc":{"start":{"line":72,"column":10},"end":{"line":74,"column":22}},"type":"cond-expr","locations":[{"start":{"line":73,"column":10},"end":{"line":73,"column":14}},{"start":{"line":74,"column":10},"end":{"line":74,"column":22}}],"line":72},"4":{"loc":{"start":{"line":102,"column":11},"end":{"line":102,"column":66}},"type":"binary-expr","locations":[{"start":{"line":102,"column":11},"end":{"line":102,"column":47}},{"start":{"line":102,"column":51},"end":{"line":102,"column":66}}],"line":102},"5":{"loc":{"start":{"line":143,"column":0},"end":{"line":145,"column":1}},"type":"if","locations":[{"start":{"line":143,"column":0},"end":{"line":145,"column":1}},{"start":{},"end":{}}],"line":143}},"s":{"0":1,"1":1,"2":1,"3":1,"4":2,"5":50,"6":1,"7":0,"8":1,"9":0,"10":0,"11":0,"12":1,"13":1,"14":1,"15":0,"16":1,"17":0,"18":2,"19":1,"20":25,"21":25,"22":1,"23":0,"24":0},"f":{"0":1,"1":1,"2":2,"3":50,"4":0,"5":0,"6":1,"7":0,"8":0,"9":2,"10":1,"11":25,"12":0},"b":{"0":[4,46],"1":[4,46],"2":[0,0],"3":[0,0],"4":[2,0],"5":[0,1]},"_coverageSchema":"1a1c01bbd47fc00a2c39e90264f33305004495a9","hash":"029d0af48aad3800b44b7a5e368373315b212c51"}
,"/home/reyx/Projects/react/react-grid-layout/test/examples/1-basic.jsx": {"path":"/home/reyx/Projects/react/react-grid-layout/test/examples/1-basic.jsx","statementMap":{"0":{"start":{"line":5,"column":24},"end":{"line":5,"column":42}},"1":{"start":{"line":8,"column":24},"end":{"line":14,"column":3}},"2":{"start":{"line":17,"column":4},"end":{"line":17,"column":17}},"3":{"start":{"line":19,"column":19},"end":{"line":19,"column":40}},"4":{"start":{"line":20,"column":4},"end":{"line":20,"column":28}},"5":{"start":{"line":24,"column":4},"end":{"line":30,"column":7}},"6":{"start":{"line":25,"column":6},"end":{"line":29,"column":8}},"7":{"start":{"line":34,"column":14},"end":{"line":34,"column":24}},"8":{"start":{"line":35,"column":4},"end":{"line":44,"column":7}},"9":{"start":{"line":36,"column":16},"end":{"line":36,"column":68}},"10":{"start":{"line":37,"column":6},"end":{"line":43,"column":8}},"11":{"start":{"line":48,"column":4},"end":{"line":48,"column":38}},"12":{"start":{"line":52,"column":4},"end":{"line":60,"column":6}},"13":{"start":{"line":64,"column":0},"end":{"line":66,"column":1}},"14":{"start":{"line":65,"column":2},"end":{"line":65,"column":65}},"15":{"start":{"line":65,"column":40},"end":{"line":65,"column":63}}},"fnMap":{"0":{"name":"(anonymous_0)","decl":{"start":{"line":12,"column":20},"end":{"line":12,"column":21}},"loc":{"start":{"line":12,"column":31},"end":{"line":12,"column":33}},"line":12},"1":{"name":"(anonymous_1)","decl":{"start":{"line":16,"column":2},"end":{"line":16,"column":3}},"loc":{"start":{"line":16,"column":21},"end":{"line":21,"column":3}},"line":16},"2":{"name":"(anonymous_2)","decl":{"start":{"line":23,"column":2},"end":{"line":23,"column":3}},"loc":{"start":{"line":23,"column":16},"end":{"line":31,"column":3}},"line":23},"3":{"name":"(anonymous_3)","decl":{"start":{"line":24,"column":44},"end":{"line":24,"column":45}},"loc":{"start":{"line":24,"column":56},"end":{"line":30,"column":5}},"line":24},"4":{"name":"(anonymous_4)","decl":{"start":{"line":33,"column":2},"end":{"line":33,"column":3}},"loc":{"start":{"line":33,"column":19},"end":{"line":45,"column":3}},"line":33},"5":{"name":"(anonymous_5)","decl":{"start":{"line":35,"column":37},"end":{"line":35,"column":38}},"loc":{"start":{"line":35,"column":55},"end":{"line":44,"column":5}},"line":35},"6":{"name":"(anonymous_6)","decl":{"start":{"line":47,"column":2},"end":{"line":47,"column":3}},"loc":{"start":{"line":47,"column":25},"end":{"line":49,"column":3}},"line":47},"7":{"name":"(anonymous_7)","decl":{"start":{"line":51,"column":2},"end":{"line":51,"column":3}},"loc":{"start":{"line":51,"column":11},"end":{"line":61,"column":3}},"line":51},"8":{"name":"(anonymous_8)","decl":{"start":{"line":65,"column":34},"end":{"line":65,"column":35}},"loc":{"start":{"line":65,"column":40},"end":{"line":65,"column":63}},"line":65}},"branchMap":{"0":{"loc":{"start":{"line":36,"column":16},"end":{"line":36,"column":68}},"type":"binary-expr","locations":[{"start":{"line":36,"column":16},"end":{"line":36,"column":32}},{"start":{"line":36,"column":36},"end":{"line":36,"column":68}}],"line":36},"1":{"loc":{"start":{"line":64,"column":0},"end":{"line":66,"column":1}},"type":"if","locations":[{"start":{"line":64,"column":0},"end":{"line":66,"column":1}},{"start":{},"end":{}}],"line":64}},"s":{"0":1,"1":1,"2":4,"3":4,"4":4,"5":4,"6":80,"7":4,"8":4,"9":80,"10":80,"11":0,"12":4,"13":1,"14":0,"15":0},"f":{"0":4,"1":4,"2":4,"3":80,"4":4,"5":80,"6":0,"7":4,"8":0},"b":{"0":[80,80],"1":[0,1]},"_coverageSchema":"1a1c01bbd47fc00a2c39e90264f33305004495a9","hash":"72ffed432837b180eb3b26d5a7fa8857ab6edbd1"}
,"/home/reyx/Projects/react/react-grid-layout/test/examples/15-drag-from-outside.jsx": {"path":"/home/reyx/Projects/react/react-grid-layout/test/examples/15-drag-from-outside.jsx","statementMap":{"0":{"start":{"line":4,"column":34},"end":{"line":4,"column":59}},"1":{"start":{"line":7,"column":24},"end":{"line":12,"column":3}},"2":{"start":{"line":14,"column":10},"end":{"line":19,"column":3}},"3":{"start":{"line":22,"column":4},"end":{"line":22,"column":37}},"4":{"start":{"line":26,"column":4},"end":{"line":41,"column":7}},"5":{"start":{"line":27,"column":6},"end":{"line":40,"column":8}},"6":{"start":{"line":44,"column":23},"end":{"line":48,"column":3}},"7":{"start":{"line":45,"column":4},"end":{"line":47,"column":7}},"8":{"start":{"line":50,"column":24},"end":{"line":59,"column":3}},"9":{"start":{"line":51,"column":44},"end":{"line":51,"column":54}},"10":{"start":{"line":53,"column":6},"end":{"line":57,"column":22}},"11":{"start":{"line":58,"column":4},"end":{"line":58,"column":35}},"12":{"start":{"line":61,"column":19},"end":{"line":63,"column":3}},"13":{"start":{"line":62,"column":4},"end":{"line":62,"column":47}},"14":{"start":{"line":65,"column":16},"end":{"line":69,"column":3}},"15":{"start":{"line":66,"column":4},"end":{"line":68,"column":7}},"16":{"start":{"line":71,"column":11},"end":{"line":73,"column":3}},"17":{"start":{"line":72,"column":4},"end":{"line":72,"column":92}},"18":{"start":{"line":76,"column":4},"end":{"line":120,"column":6}},"19":{"start":{"line":98,"column":28},"end":{"line":98,"column":68}},"20":{"start":{"line":125,"column":2},"end":{"line":135,"column":5}},"21":{"start":{"line":126,"column":12},"end":{"line":126,"column":44}},"22":{"start":{"line":127,"column":4},"end":{"line":134,"column":6}},"23":{"start":{"line":138,"column":0},"end":{"line":140,"column":1}},"24":{"start":{"line":139,"column":2},"end":{"line":139,"column":75}},"25":{"start":{"line":139,"column":40},"end":{"line":139,"column":73}}},"fnMap":{"0":{"name":"(anonymous_0)","decl":{"start":{"line":10,"column":20},"end":{"line":10,"column":21}},"loc":{"start":{"line":10,"column":31},"end":{"line":10,"column":33}},"line":10},"1":{"name":"(anonymous_1)","decl":{"start":{"line":21,"column":2},"end":{"line":21,"column":3}},"loc":{"start":{"line":21,"column":22},"end":{"line":23,"column":3}},"line":21},"2":{"name":"(anonymous_2)","decl":{"start":{"line":25,"column":2},"end":{"line":25,"column":3}},"loc":{"start":{"line":25,"column":16},"end":{"line":42,"column":3}},"line":25},"3":{"name":"(anonymous_3)","decl":{"start":{"line":26,"column":40},"end":{"line":26,"column":41}},"loc":{"start":{"line":26,"column":55},"end":{"line":41,"column":5}},"line":26},"4":{"name":"(anonymous_4)","decl":{"start":{"line":44,"column":23},"end":{"line":44,"column":24}},"loc":{"start":{"line":44,"column":37},"end":{"line":48,"column":3}},"line":44},"5":{"name":"(anonymous_5)","decl":{"start":{"line":50,"column":24},"end":{"line":50,"column":25}},"loc":{"start":{"line":50,"column":30},"end":{"line":59,"column":3}},"line":50},"6":{"name":"(anonymous_6)","decl":{"start":{"line":61,"column":19},"end":{"line":61,"column":20}},"loc":{"start":{"line":61,"column":40},"end":{"line":63,"column":3}},"line":61},"7":{"name":"(anonymous_7)","decl":{"start":{"line":65,"column":16},"end":{"line":65,"column":17}},"loc":{"start":{"line":65,"column":22},"end":{"line":69,"column":3}},"line":65},"8":{"name":"(anonymous_8)","decl":{"start":{"line":71,"column":11},"end":{"line":71,"column":12}},"loc":{"start":{"line":71,"column":43},"end":{"line":73,"column":3}},"line":71},"9":{"name":"(anonymous_9)","decl":{"start":{"line":75,"column":2},"end":{"line":75,"column":3}},"loc":{"start":{"line":75,"column":11},"end":{"line":121,"column":3}},"line":75},"10":{"name":"(anonymous_10)","decl":{"start":{"line":98,"column":23},"end":{"line":98,"column":24}},"loc":{"start":{"line":98,"column":28},"end":{"line":98,"column":68}},"line":98},"11":{"name":"generateLayout","decl":{"start":{"line":124,"column":9},"end":{"line":124,"column":23}},"loc":{"start":{"line":124,"column":26},"end":{"line":136,"column":1}},"line":124},"12":{"name":"(anonymous_12)","decl":{"start":{"line":125,"column":31},"end":{"line":125,"column":32}},"loc":{"start":{"line":125,"column":49},"end":{"line":135,"column":3}},"line":125},"13":{"name":"(anonymous_13)","decl":{"start":{"line":139,"column":34},"end":{"line":139,"column":35}},"loc":{"start":{"line":139,"column":40},"end":{"line":139,"column":73}},"line":139}},"branchMap":{"0":{"loc":{"start":{"line":28,"column":32},"end":{"line":28,"column":56}},"type":"cond-expr","locations":[{"start":{"line":28,"column":43},"end":{"line":28,"column":51}},{"start":{"line":28,"column":54},"end":{"line":28,"column":56}}],"line":28},"1":{"loc":{"start":{"line":29,"column":11},"end":{"line":38,"column":11}},"type":"cond-expr","locations":[{"start":{"line":30,"column":12},"end":{"line":35,"column":19}},{"start":{"line":37,"column":12},"end":{"line":37,"column":45}}],"line":29},"2":{"loc":{"start":{"line":53,"column":6},"end":{"line":57,"column":22}},"type":"cond-expr","locations":[{"start":{"line":54,"column":10},"end":{"line":54,"column":20}},{"start":{"line":55,"column":10},"end":{"line":57,"column":22}}],"line":53},"3":{"loc":{"start":{"line":55,"column":10},"end":{"line":57,"column":22}},"type":"cond-expr","locations":[{"start":{"line":56,"column":10},"end":{"line":56,"column":14}},{"start":{"line":57,"column":10},"end":{"line":57,"column":22}}],"line":55},"4":{"loc":{"start":{"line":84,"column":11},"end":{"line":84,"column":66}},"type":"binary-expr","locations":[{"start":{"line":84,"column":11},"end":{"line":84,"column":47}},{"start":{"line":84,"column":51},"end":{"line":84,"column":66}}],"line":84},"5":{"loc":{"start":{"line":138,"column":0},"end":{"line":140,"column":1}},"type":"if","locations":[{"start":{"line":138,"column":0},"end":{"line":140,"column":1}},{"start":{},"end":{}}],"line":138}},"s":{"0":1,"1":1,"2":1,"3":1,"4":2,"5":50,"6":1,"7":0,"8":1,"9":0,"10":0,"11":0,"12":1,"13":1,"14":1,"15":0,"16":1,"17":0,"18":2,"19":0,"20":1,"21":25,"22":25,"23":1,"24":0,"25":0},"f":{"0":1,"1":1,"2":2,"3":50,"4":0,"5":0,"6":1,"7":0,"8":0,"9":2,"10":0,"11":1,"12":25,"13":0},"b":{"0":[4,46],"1":[4,46],"2":[0,0],"3":[0,0],"4":[2,0],"5":[0,1]},"_coverageSchema":"1a1c01bbd47fc00a2c39e90264f33305004495a9","hash":"3d40b98241271c7e592aac6f4dbc9f8d2fad0a7c"}
,"/home/reyx/Projects/react/react-grid-layout/test/util/deepFreeze.js": {"path":"/home/reyx/Projects/react/react-grid-layout/test/util/deepFreeze.js","statementMap":{"0":{"start":{"line":13,"column":22},"end":{"line":13,"column":24}},"1":{"start":{"line":14,"column":2},"end":{"line":41,"column":3}},"2":{"start":{"line":15,"column":4},"end":{"line":40,"column":6}},"3":{"start":{"line":21,"column":6},"end":{"line":21,"column":46}},"4":{"start":{"line":21,"column":29},"end":{"line":21,"column":46}},"5":{"start":{"line":21,"column":42},"end":{"line":21,"column":45}},"6":{"start":{"line":23,"column":6},"end":{"line":39,"column":7}},"7":{"start":{"line":24,"column":8},"end":{"line":24,"column":49}},"8":{"start":{"line":28,"column":8},"end":{"line":37,"column":9}},"9":{"start":{"line":34,"column":10},"end":{"line":36,"column":12}},"10":{"start":{"line":38,"column":8},"end":{"line":38,"column":25}},"11":{"start":{"line":42,"column":2},"end":{"line":51,"column":3}},"12":{"start":{"line":43,"column":4},"end":{"line":50,"column":6}},"13":{"start":{"line":49,"column":6},"end":{"line":49,"column":78}},"14":{"start":{"line":53,"column":2},"end":{"line":53,"column":42}}},"fnMap":{"0":{"name":"deepFreeze","decl":{"start":{"line":8,"column":24},"end":{"line":8,"column":34}},"loc":{"start":{"line":11,"column":25},"end":{"line":54,"column":1}},"line":11},"1":{"name":"get","decl":{"start":{"line":15,"column":31},"end":{"line":15,"column":34}},"loc":{"start":{"line":19,"column":11},"end":{"line":40,"column":5}},"line":19},"2":{"name":"(anonymous_2)","decl":{"start":{"line":21,"column":36},"end":{"line":21,"column":37}},"loc":{"start":{"line":21,"column":42},"end":{"line":21,"column":45}},"line":21},"3":{"name":"set","decl":{"start":{"line":43,"column":31},"end":{"line":43,"column":34}},"loc":{"start":{"line":48,"column":15},"end":{"line":50,"column":5}},"line":48}},"branchMap":{"0":{"loc":{"start":{"line":10,"column":2},"end":{"line":10,"column":68}},"type":"default-arg","locations":[{"start":{"line":10,"column":44},"end":{"line":10,"column":68}}],"line":10},"1":{"loc":{"start":{"line":14,"column":2},"end":{"line":41,"column":3}},"type":"if","locations":[{"start":{"line":14,"column":2},"end":{"line":41,"column":3}},{"start":{},"end":{}}],"line":14},"2":{"loc":{"start":{"line":21,"column":6},"end":{"line":21,"column":46}},"type":"if","locations":[{"start":{"line":21,"column":6},"end":{"line":21,"column":46}},{"start":{},"end":{}}],"line":21},"3":{"loc":{"start":{"line":23,"column":6},"end":{"line":39,"column":7}},"type":"if","locations":[{"start":{"line":23,"column":6},"end":{"line":39,"column":7}},{"start":{"line":27,"column":11},"end":{"line":39,"column":7}}],"line":23},"4":{"loc":{"start":{"line":23,"column":10},"end":{"line":23,"column":61}},"type":"binary-expr","locations":[{"start":{"line":23,"column":10},"end":{"line":23,"column":39}},{"start":{"line":23,"column":43},"end":{"line":23,"column":61}}],"line":23},"5":{"loc":{"start":{"line":28,"column":8},"end":{"line":37,"column":9}},"type":"if","locations":[{"start":{"line":28,"column":8},"end":{"line":37,"column":9}},{"start":{},"end":{}}],"line":28},"6":{"loc":{"start":{"line":29,"column":10},"end":{"line":32,"column":34}},"type":"binary-expr","locations":[{"start":{"line":29,"column":10},"end":{"line":29,"column":24}},{"start":{"line":30,"column":10},"end":{"line":30,"column":27}},{"start":{"line":31,"column":10},"end":{"line":31,"column":31}},{"start":{"line":32,"column":10},"end":{"line":32,"column":34}}],"line":29},"7":{"loc":{"start":{"line":42,"column":2},"end":{"line":51,"column":3}},"type":"if","locations":[{"start":{"line":42,"column":2},"end":{"line":51,"column":3}},{"start":{},"end":{}}],"line":42}},"s":{"0":8,"1":8,"2":5,"3":7,"4":1,"5":1,"6":6,"7":2,"8":4,"9":1,"10":3,"11":8,"12":7,"13":1,"14":8},"f":{"0":8,"1":7,"2":1,"3":1},"b":{"0":[2],"1":[5,3],"2":[1,6],"3":[2,4],"4":[6,2],"5":[1,3],"6":[4,1,1,1],"7":[7,1]},"_coverageSchema":"1a1c01bbd47fc00a2c39e90264f33305004495a9","hash":"d7e30f9966561b17dc7e91fd13457ad0450010ad"}
}
