TN:
SF:index-dev.js
FNF:0
FNH:0
DA:1,1
DA:2,1
DA:3,1
DA:4,1
DA:5,1
LF:5
LH:5
BRF:0
BRH:0
end_of_record
TN:
SF:lib/GridItem.jsx
FN:130,(anonymous_0)
FN:137,(anonymous_1)
FN:144,(anonymous_2)
FN:151,(anonymous_3)
FN:216,(anonymous_4)
FN:244,(anonymous_5)
FN:248,(anonymous_6)
FN:254,(anonymous_7)
FN:289,(anonymous_8)
FN:310,(anonymous_9)
FN:336,(anonymous_10)
FN:365,(anonymous_11)
FN:428,(anonymous_12)
FN:468,(anonymous_13)
FN:518,(anonymous_14)
FN:544,(anonymous_15)
FN:556,(anonymous_16)
FN:568,(anonymous_17)
FN:583,(anonymous_18)
FN:617,(anonymous_19)
FNF:20
FNH:15
FNDA:330,(anonymous_0)
FNDA:330,(anonymous_1)
FNDA:330,(anonymous_2)
FNDA:330,(anonymous_3)
FNDA:168,(anonymous_4)
FNDA:151,(anonymous_5)
FNDA:166,(anonymous_6)
FNDA:317,(anonymous_7)
FNDA:871,(anonymous_8)
FNDA:317,(anonymous_9)
FNDA:317,(anonymous_10)
FNDA:317,(anonymous_11)
FNDA:2,(anonymous_12)
FNDA:3,(anonymous_13)
FNDA:0,(anonymous_14)
FNDA:0,(anonymous_15)
FNDA:0,(anonymous_16)
FNDA:0,(anonymous_17)
FNDA:0,(anonymous_18)
FNDA:317,(anonymous_19)
DA:111,1
DA:131,330
DA:132,330
DA:133,328
DA:134,2
DA:138,330
DA:139,330
DA:140,328
DA:141,2
DA:145,330
DA:146,330
DA:147,328
DA:148,2
DA:152,330
DA:153,330
DA:154,328
DA:155,2
DA:197,1
DA:208,151
DA:214,151
DA:219,168
DA:220,118
DA:222,117
DA:230,117
DA:238,117
DA:245,151
DA:249,166
DA:255,317
DA:256,317
DA:257,4
DA:259,4
DA:261,4
DA:265,4
DA:268,4
DA:271,4
DA:272,2
DA:277,2
DA:278,1
DA:279,1
DA:281,1
DA:290,871
DA:311,317
DA:315,317
DA:316,164
DA:319,153
DA:322,153
DA:323,138
DA:324,138
DA:328,317
DA:340,317
DA:380,317
DA:381,317
DA:384,317
DA:393,317
DA:394,317
DA:395,317
DA:396,317
DA:400,317
DA:428,151
DA:429,2
DA:430,2
DA:432,2
DA:435,2
DA:436,2
DA:437,2
DA:438,2
DA:439,2
DA:440,2
DA:441,2
DA:442,2
DA:443,2
DA:444,2
DA:445,2
DA:448,2
DA:456,2
DA:468,151
DA:472,3
DA:473,3
DA:475,2
DA:476,1
DA:478,1
DA:479,1
DA:481,1
DA:482,1
DA:485,1
DA:486,1
DA:488,1
DA:489,1
DA:491,1
DA:492,1
DA:494,1
DA:496,1
DA:497,1
DA:501,1
DA:502,1
DA:505,1
DA:506,1
DA:518,151
DA:519,0
DA:520,0
DA:522,0
DA:523,0
DA:525,0
DA:526,0
DA:527,0
DA:528,0
DA:530,0
DA:532,0
DA:544,151
DA:548,0
DA:556,151
DA:560,0
DA:568,151
DA:572,0
DA:588,0
DA:589,0
DA:590,0
DA:591,0
DA:594,0
DA:603,0
DA:606,0
DA:609,0
DA:610,0
DA:612,0
DA:614,0
DA:627,317
DA:629,317
DA:637,317
DA:640,317
DA:664,317
DA:667,317
DA:669,317
LF:132
LH:108
BRDA:132,0,0,2
BRDA:132,0,1,328
BRDA:133,1,0,2
BRDA:133,1,1,326
BRDA:133,2,0,328
BRDA:133,2,1,326
BRDA:139,3,0,2
BRDA:139,3,1,328
BRDA:140,4,0,2
BRDA:140,4,1,326
BRDA:140,5,0,328
BRDA:140,5,1,326
BRDA:146,6,0,2
BRDA:146,6,1,328
BRDA:147,7,0,2
BRDA:147,7,1,326
BRDA:147,8,0,328
BRDA:147,8,1,326
BRDA:153,9,0,2
BRDA:153,9,1,328
BRDA:154,10,0,2
BRDA:154,10,1,326
BRDA:154,11,0,328
BRDA:154,11,1,326
BRDA:219,12,0,50
BRDA:219,12,1,118
BRDA:220,13,0,1
BRDA:220,13,1,117
BRDA:239,14,0,117
BRDA:239,14,1,90
BRDA:256,15,0,313
BRDA:256,15,1,4
BRDA:259,16,0,0
BRDA:259,16,1,4
BRDA:261,17,0,4
BRDA:261,17,1,3
BRDA:268,18,0,4
BRDA:268,18,1,2
BRDA:268,18,2,3
BRDA:271,19,0,2
BRDA:271,19,1,2
BRDA:277,20,0,1
BRDA:277,20,1,1
BRDA:289,21,0,637
BRDA:315,22,0,164
BRDA:315,22,1,153
BRDA:322,23,0,138
BRDA:322,23,1,15
BRDA:349,24,0,0
BRDA:349,24,1,317
BRDA:406,25,0,290
BRDA:406,25,1,27
BRDA:430,26,0,0
BRDA:430,26,1,2
BRDA:436,27,0,0
BRDA:436,27,1,2
BRDA:473,28,0,1
BRDA:473,28,1,2
BRDA:475,29,0,1
BRDA:475,29,1,1
BRDA:485,30,0,1
BRDA:485,30,1,0
BRDA:488,31,0,1
BRDA:488,31,1,0
BRDA:520,32,0,0
BRDA:520,32,1,0
BRDA:522,33,0,0
BRDA:522,33,1,0
BRDA:589,34,0,0
BRDA:589,34,1,0
BRDA:612,35,0,0
BRDA:612,35,1,0
BRF:72
BRH:58
end_of_record
TN:
SF:lib/ReactGridLayout.jsx
FN:141,(anonymous_0)
FN:148,(anonymous_1)
FN:195,(anonymous_2)
FN:208,(anonymous_3)
FN:221,(anonymous_4)
FN:243,(anonymous_5)
FN:269,(anonymous_6)
FN:323,(anonymous_7)
FN:368,(anonymous_8)
FN:376,(anonymous_9)
FN:394,(anonymous_10)
FN:403,(anonymous_11)
FN:409,(anonymous_12)
FN:418,(anonymous_13)
FN:461,(anonymous_14)
FN:492,(anonymous_15)
FN:537,(anonymous_16)
FN:622,(anonymous_17)
FN:663,(anonymous_18)
FN:718,(anonymous_19)
FN:723,(anonymous_20)
FN:736,(anonymous_21)
FN:751,(anonymous_22)
FN:757,(anonymous_23)
FN:762,(anonymous_24)
FN:772,(anonymous_25)
FN:791,(anonymous_26)
FNF:27
FNH:11
FNDA:9,(anonymous_0)
FNDA:22,(anonymous_1)
FNDA:13,(anonymous_2)
FNDA:12,(anonymous_3)
FNDA:21,(anonymous_4)
FNDA:0,(anonymous_5)
FNDA:0,(anonymous_6)
FNDA:0,(anonymous_7)
FNDA:21,(anonymous_8)
FNDA:0,(anonymous_9)
FNDA:0,(anonymous_10)
FNDA:0,(anonymous_11)
FNDA:0,(anonymous_12)
FNDA:0,(anonymous_13)
FNDA:0,(anonymous_14)
FNDA:21,(anonymous_15)
FNDA:306,(anonymous_16)
FNDA:1,(anonymous_17)
FNDA:0,(anonymous_18)
FNDA:0,(anonymous_19)
FNDA:0,(anonymous_20)
FNDA:0,(anonymous_21)
FNDA:0,(anonymous_22)
FNDA:0,(anonymous_23)
FNDA:0,(anonymous_24)
FNDA:21,(anonymous_25)
FNDA:306,(anonymous_26)
DA:62,1
DA:63,1
DA:65,1
DA:66,1
DA:77,1
DA:80,1
DA:82,1
DA:121,9
DA:139,9
DA:142,9
DA:145,9
DA:154,22
DA:155,0
DA:160,22
DA:164,9
DA:165,13
DA:169,0
DA:173,22
DA:174,9
DA:182,9
DA:192,13
DA:196,13
DA:209,12
DA:210,12
DA:211,12
DA:213,12
DA:222,21
DA:223,21
DA:224,21
DA:227,21
DA:243,9
DA:249,0
DA:250,0
DA:251,0
DA:253,0
DA:258,0
DA:269,9
DA:275,0
DA:276,0
DA:277,0
DA:278,0
DA:279,0
DA:282,0
DA:292,0
DA:293,0
DA:305,0
DA:307,0
DA:323,9
DA:329,0
DA:331,0
DA:332,0
DA:333,0
DA:334,0
DA:335,0
DA:338,0
DA:339,0
DA:351,0
DA:354,0
DA:357,0
DA:358,0
DA:365,0
DA:369,21
DA:371,21
DA:372,8
DA:376,9
DA:382,0
DA:383,0
DA:384,0
DA:386,0
DA:391,0
DA:394,9
DA:400,0
DA:401,0
DA:403,0
DA:407,0
DA:408,0
DA:409,0
DA:411,0
DA:414,0
DA:416,0
DA:417,0
DA:418,0
DA:419,0
DA:420,0
DA:423,0
DA:424,0
DA:428,0
DA:430,0
DA:431,0
DA:434,0
DA:438,0
DA:441,0
DA:450,0
DA:453,0
DA:461,9
DA:467,0
DA:468,0
DA:469,0
DA:471,0
DA:474,0
DA:477,0
DA:478,0
DA:485,0
DA:493,21
DA:494,21
DA:504,0
DA:507,0
DA:541,306
DA:542,302
DA:543,302
DA:560,302
DA:561,302
DA:567,302
DA:571,302
DA:574,302
DA:577,302
DA:579,302
DA:622,9
DA:623,1
DA:624,1
DA:629,1
DA:634,0
DA:647,1
DA:650,1
DA:651,1
DA:652,1
DA:653,0
DA:655,1
DA:657,0
DA:659,0
DA:661,0
DA:663,0
DA:664,0
DA:666,0
DA:667,0
DA:668,0
DA:669,0
DA:671,0
DA:677,0
DA:678,0
DA:687,0
DA:695,0
DA:709,0
DA:710,0
DA:711,0
DA:712,0
DA:713,0
DA:718,9
DA:719,0
DA:720,0
DA:722,0
DA:723,0
DA:728,0
DA:736,9
DA:737,0
DA:738,0
DA:739,0
DA:746,0
DA:747,0
DA:751,9
DA:752,0
DA:753,0
DA:754,0
DA:757,9
DA:758,0
DA:759,0
DA:760,0
DA:761,0
DA:762,0
DA:765,0
DA:767,0
DA:769,0
DA:773,21
DA:775,21
DA:776,21
DA:781,21
DA:792,306
LF:177
LH:67
BRDA:154,0,0,0
BRDA:154,0,1,22
BRDA:160,1,0,9
BRDA:160,1,1,13
BRDA:161,2,0,22
BRDA:161,2,1,13
BRDA:165,3,0,0
BRDA:165,3,1,13
BRDA:173,4,0,9
BRDA:173,4,1,13
BRDA:200,5,0,13
BRDA:200,5,1,11
BRDA:200,5,2,8
BRDA:200,5,3,8
BRDA:200,5,4,1
BRDA:209,6,0,12
BRDA:209,6,1,0
BRDA:222,7,0,0
BRDA:222,7,1,21
BRDA:224,8,0,0
BRDA:224,8,1,21
BRDA:251,9,0,0
BRDA:251,9,1,0
BRDA:279,10,0,0
BRDA:279,10,1,0
BRDA:308,11,0,0
BRDA:308,11,1,0
BRDA:329,12,0,0
BRDA:329,12,1,0
BRDA:335,13,0,0
BRDA:335,13,1,0
BRDA:354,14,0,0
BRDA:354,14,1,0
BRDA:369,15,0,0
BRDA:369,15,1,21
BRDA:371,16,0,8
BRDA:371,16,1,13
BRDA:384,17,0,0
BRDA:384,17,1,0
BRDA:407,18,0,0
BRDA:407,18,1,0
BRDA:407,19,0,0
BRDA:407,19,1,0
BRDA:414,20,0,0
BRDA:414,20,1,0
BRDA:419,21,0,0
BRDA:419,21,1,0
BRDA:420,22,0,0
BRDA:420,22,1,0
BRDA:423,23,0,0
BRDA:423,23,1,0
BRDA:424,24,0,0
BRDA:424,24,1,0
BRDA:428,25,0,0
BRDA:428,25,1,0
BRDA:438,26,0,0
BRDA:438,26,1,0
BRDA:454,27,0,0
BRDA:454,27,1,0
BRDA:474,28,0,0
BRDA:474,28,1,0
BRDA:494,29,0,21
BRDA:494,29,1,0
BRDA:518,30,0,0
BRDA:518,30,1,0
BRDA:541,31,0,4
BRDA:541,31,1,302
BRDA:541,32,0,306
BRDA:541,32,1,302
BRDA:543,33,0,0
BRDA:543,33,1,302
BRDA:567,34,0,0
BRDA:567,34,1,302
BRDA:569,35,0,302
BRDA:569,35,1,290
BRDA:571,36,0,0
BRDA:571,36,1,302
BRDA:573,37,0,302
BRDA:573,37,1,290
BRDA:574,38,0,302
BRDA:574,38,1,302
BRDA:577,39,0,302
BRDA:577,39,1,290
BRDA:577,39,2,0
BRDA:584,40,0,302
BRDA:584,40,1,302
BRDA:598,41,0,302
BRDA:598,41,1,252
BRDA:611,42,0,0
BRDA:611,42,1,302
BRDA:629,43,0,0
BRDA:629,43,1,1
BRDA:630,44,0,1
BRDA:630,44,1,0
BRDA:651,45,0,1
BRDA:651,45,1,0
BRDA:652,46,0,0
BRDA:652,46,1,1
BRDA:663,47,0,0
BRDA:663,47,1,0
BRDA:667,48,0,0
BRDA:667,48,1,0
BRDA:667,48,2,0
BRDA:677,49,0,0
BRDA:677,49,1,0
BRDA:684,50,0,0
BRDA:684,50,1,0
BRDA:709,51,0,0
BRDA:709,51,1,0
BRDA:711,52,0,0
BRDA:711,52,1,0
BRDA:712,53,0,0
BRDA:712,53,1,0
BRDA:746,54,0,0
BRDA:746,54,1,0
BRDA:786,55,0,2
BRDA:786,55,1,19
BRDA:787,56,0,2
BRDA:787,56,1,19
BRDA:788,57,0,2
BRDA:788,57,1,19
BRDA:789,58,0,2
BRDA:789,58,1,19
BRDA:794,59,0,21
BRDA:794,59,1,2
BRDA:794,59,2,0
BRF:126
BRH:54
end_of_record
TN:
SF:lib/ReactGridLayoutPropTypes.js
FN:128,(anonymous_0)
FN:148,(anonymous_1)
FN:229,(anonymous_2)
FN:234,(anonymous_3)
FNF:4
FNH:4
FNDA:17,(anonymous_0)
FNDA:17,(anonymous_1)
FNDA:17,(anonymous_2)
FNDA:226,(anonymous_3)
DA:49,1
DA:54,1
DA:129,17
DA:133,0
DA:149,17
DA:151,17
DA:152,17
DA:230,17
DA:233,17
DA:234,17
DA:235,226
DA:236,222
DA:237,0
DA:243,222
LF:14
LH:12
BRDA:129,0,0,0
BRDA:129,0,1,17
BRDA:130,1,0,17
BRDA:130,1,1,0
BRDA:151,2,0,0
BRDA:151,2,1,17
BRDA:235,3,0,4
BRDA:235,3,1,222
BRDA:236,4,0,0
BRDA:236,4,1,222
BRF:10
BRH:6
end_of_record
TN:
SF:lib/ResponsiveReactGridLayout.jsx
FN:25,(anonymous_0)
FN:34,getIndentationValue
FN:127,(anonymous_2)
FN:134,(anonymous_3)
FN:177,(anonymous_4)
FN:202,(anonymous_5)
FN:226,(anonymous_6)
FN:239,(anonymous_7)
FN:250,(anonymous_8)
FN:318,(anonymous_9)
FNF:10
FNH:10
FNDA:8,(anonymous_0)
FNDA:18,getIndentationValue
FNDA:8,(anonymous_2)
FNDA:8,(anonymous_3)
FNDA:3,(anonymous_4)
FNDA:8,(anonymous_5)
FNDA:5,(anonymous_6)
FNDA:2,(anonymous_7)
FNDA:1,(anonymous_8)
FNDA:8,(anonymous_9)
DA:25,8
DA:39,18
DA:41,18
DA:96,1
DA:128,8
DA:129,0
DA:134,8
DA:135,8
DA:136,0
DA:140,8
DA:163,1
DA:175,3
DA:178,3
DA:179,3
DA:180,3
DA:183,3
DA:186,3
DA:195,3
DA:206,8
DA:208,3
DA:212,3
DA:220,3
DA:223,5
DA:228,5
DA:234,1
DA:239,3
DA:240,2
DA:251,1
DA:253,1
DA:256,1
DA:257,1
DA:258,1
DA:261,1
DA:267,1
DA:268,0
DA:271,1
DA:281,1
DA:290,1
DA:293,1
DA:294,1
DA:296,1
DA:303,1
DA:304,1
DA:310,1
DA:331,8
DA:334,8
LF:46
LH:43
BRDA:39,0,0,0
BRDA:39,0,1,18
BRDA:41,1,0,9
BRDA:41,1,1,9
BRDA:128,2,0,0
BRDA:128,2,1,8
BRDA:135,3,0,0
BRDA:135,3,1,8
BRDA:183,4,0,0
BRDA:183,4,1,3
BRDA:206,5,0,3
BRDA:206,5,1,5
BRDA:228,6,0,1
BRDA:228,6,1,4
BRDA:229,7,0,5
BRDA:229,7,1,4
BRDA:229,7,2,4
BRDA:229,7,3,4
BRDA:253,8,0,1
BRDA:253,8,1,0
BRDA:261,9,0,1
BRDA:261,9,1,0
BRDA:262,10,0,1
BRDA:262,10,1,0
BRDA:262,10,2,0
BRDA:267,11,0,0
BRDA:267,11,1,1
BRF:27
BRH:18
end_of_record
TN:
SF:lib/calculateUtils.js
FN:14,calcGridColWidth
FN:25,calcGridItemWHPx
FN:47,calcGridItemPosition
FN:93,calcXY
FN:128,calcWH
FN:151,clamp
FNF:6
FNH:6
FNDA:1517,calcGridColWidth
FNDA:3008,calcGridItemWHPx
FNDA:1503,calcGridItemPosition
FNDA:6,calcXY
FNDA:3,calcWH
FNDA:20,clamp
DA:15,1517
DA:16,1517
DA:31,3008
DA:32,2376
DA:55,1503
DA:56,1503
DA:57,1503
DA:60,1503
DA:61,0
DA:62,0
DA:66,1503
DA:67,1503
DA:71,1503
DA:72,6
DA:73,6
DA:77,1497
DA:78,1497
DA:81,1503
DA:100,6
DA:101,6
DA:110,6
DA:111,6
DA:114,6
DA:115,6
DA:116,6
DA:135,3
DA:136,3
DA:141,3
DA:142,3
DA:145,3
DA:146,3
DA:147,3
DA:156,20
LF:33
LH:31
BRDA:31,0,0,632
BRDA:31,0,1,2376
BRDA:60,1,0,0
BRDA:60,1,1,1503
BRDA:60,2,0,1503
BRDA:60,2,1,552
BRDA:71,3,0,6
BRDA:71,3,1,1497
BRDA:71,4,0,1503
BRDA:71,4,1,552
BRF:10
BRH:9
end_of_record
TN:
SF:lib/fastRGLPropsEqual.js
FNF:0
FNH:0
LF:0
LH:0
BRF:0
BRH:0
end_of_record
TN:
SF:lib/responsiveUtils.js
FN:30,getBreakpointFromWidth
FN:49,getColsFromBreakpoint
FN:77,findOrGenerateResponsiveLayout
FN:111,sortBreakpoints
FN:115,(anonymous_4)
FNF:5
FNH:5
FNDA:3,getBreakpointFromWidth
FNDA:4,getColsFromBreakpoint
FNDA:7,findOrGenerateResponsiveLayout
FNDA:4,sortBreakpoints
FNDA:16,(anonymous_4)
DA:34,3
DA:35,3
DA:36,3
DA:37,12
DA:38,12
DA:40,3
DA:53,4
DA:54,0
DA:60,4
DA:86,7
DA:88,1
DA:89,1
DA:90,1
DA:93,1
DA:94,2
DA:95,2
DA:96,1
DA:97,1
DA:100,1
DA:101,1
DA:114,4
DA:115,4
DA:116,16
LF:23
LH:22
BRDA:38,0,0,12
BRDA:38,0,1,0
BRDA:53,1,0,0
BRDA:53,1,1,4
BRDA:86,2,0,6
BRDA:86,2,1,1
BRDA:95,3,0,1
BRDA:95,3,1,1
BRDA:100,4,0,1
BRDA:100,4,1,0
BRF:10
BRH:7
end_of_record
TN:
SF:lib/utils.js
FN:87,bottom
FN:97,cloneLayout
FN:107,modifyLayout
FN:121,withLayoutItem
FN:135,cloneLayoutItem
FN:160,childrenEqual
FN:162,(anonymous_6)
FN:163,(anonymous_7)
FN:179,fastPositionEqual
FN:191,collides
FN:211,compact
FN:249,resolveCompactionCollision
FN:258,(anonymous_12)
FN:292,compactItem
FN:347,correctBounds
FN:380,getLayoutItem
FN:394,getFirstCollision
FN:403,getAllCollisions
FN:407,(anonymous_18)
FN:415,getStatics
FN:416,(anonymous_20)
FN:429,moveElement
FN:534,moveElementAwayFromCollision
FN:599,perc
FN:603,setTransform
FN:618,setTopLeft
FN:634,sortLayoutItems
FN:648,sortLayoutItemsByRowCol
FN:650,(anonymous_28)
FN:666,sortLayoutItemsByColRow
FN:667,(anonymous_30)
FN:686,synchronizeLayoutWithChildren
FN:697,(anonymous_32)
FN:751,validateLayout
FN:777,compactType
FN:784,log
FN:790,(anonymous_36)
FNF:37
FNH:35
FNDA:306,bottom
FNDA:9,cloneLayout
FNDA:0,modifyLayout
FNDA:0,withLayoutItem
FNDA:704,cloneLayoutItem
FNDA:13,childrenEqual
FNDA:169,(anonymous_6)
FNDA:169,(anonymous_7)
FNDA:117,fastPositionEqual
FNDA:12684,collides
FNDA:30,compact
FNDA:257,resolveCompactionCollision
FNDA:5263,(anonymous_12)
FNDA:296,compactItem
FNDA:20,correctBounds
FNDA:581,getLayoutItem
FNDA:1106,getFirstCollision
FNDA:23,getAllCollisions
FNDA:70,(anonymous_18)
FNDA:50,getStatics
FNDA:592,(anonymous_20)
FNDA:23,moveElement
FNDA:12,moveElementAwayFromCollision
FNDA:276,perc
FNDA:164,setTransform
FNDA:153,setTopLeft
FNDA:53,sortLayoutItems
FNDA:43,sortLayoutItemsByRowCol
FNDA:793,(anonymous_28)
FNDA:5,sortLayoutItemsByColRow
FNDA:12,(anonymous_30)
FNDA:19,synchronizeLayoutWithChildren
FNDA:283,(anonymous_32)
FNDA:38,validateLayout
FNDA:20,compactType
FNDA:41,log
FNDA:5,(anonymous_36)
DA:78,2
DA:79,2
DA:88,306
DA:90,306
DA:91,3058
DA:92,3058
DA:94,306
DA:98,9
DA:99,9
DA:100,115
DA:102,9
DA:108,0
DA:109,0
DA:110,0
DA:111,0
DA:113,0
DA:116,0
DA:126,0
DA:127,0
DA:128,0
DA:130,0
DA:131,0
DA:136,704
DA:161,13
DA:162,169
DA:163,169
DA:176,2
DA:180,117
DA:192,12684
DA:193,12629
DA:194,7033
DA:195,2022
DA:196,578
DA:197,490
DA:217,30
DA:219,30
DA:221,30
DA:223,30
DA:224,310
DA:227,310
DA:228,296
DA:232,296
DA:236,310
DA:239,310
DA:242,30
DA:245,2
DA:255,257
DA:256,257
DA:257,257
DA:259,5263
DA:264,257
DA:265,1184
DA:267,1184
DA:271,1121
DA:273,908
DA:274,57
DA:283,257
DA:299,296
DA:300,296
DA:301,296
DA:305,283
DA:307,283
DA:308,376
DA:310,13
DA:312,7
DA:313,7
DA:319,296
DA:320,200
DA:321,4
DA:323,196
DA:326,200
DA:327,0
DA:328,0
DA:333,296
DA:334,296
DA:336,296
DA:351,20
DA:352,20
DA:353,282
DA:355,282
DA:357,282
DA:358,0
DA:359,0
DA:361,282
DA:365,12
DA:366,20
DA:370,20
DA:381,581
DA:382,6230
DA:398,1106
DA:399,11704
DA:407,70
DA:416,592
DA:442,23
DA:445,23
DA:447,23
DA:450,23
DA:451,23
DA:454,23
DA:455,23
DA:456,23
DA:462,23
DA:464,23
DA:470,23
DA:471,23
DA:472,23
DA:476,23
DA:479,2
DA:480,21
DA:484,2
DA:485,2
DA:486,2
DA:487,2
DA:488,2
DA:492,19
DA:493,13
DA:494,13
DA:499,13
DA:502,12
DA:503,0
DA:512,12
DA:523,19
DA:542,12
DA:544,12
DA:545,12
DA:550,12
DA:552,8
DA:555,8
DA:564,8
DA:565,3
DA:568,3
DA:581,9
DA:600,276
DA:605,164
DA:606,164
DA:619,153
DA:638,53
DA:639,48
DA:640,6
DA:650,43
DA:651,793
DA:652,571
DA:653,222
DA:655,34
DA:657,188
DA:667,5
DA:668,12
DA:669,9
DA:671,3
DA:693,19
DA:696,19
DA:697,19
DA:699,283
DA:702,279
DA:703,279
DA:704,269
DA:706,10
DA:707,0
DA:712,10
DA:715,10
DA:716,10
DA:717,10
DA:720,10
DA:724,0
DA:738,19
DA:739,19
DA:755,38
DA:756,38
DA:757,0
DA:758,38
DA:759,338
DA:760,338
DA:761,1352
DA:762,1
DA:780,20
DA:781,20
DA:785,41
DA:787,0
DA:790,2
LF:179
LH:159
BRDA:92,0,0,1134
BRDA:92,0,1,1924
BRDA:110,1,0,0
BRDA:110,1,1,0
BRDA:127,2,0,0
BRDA:127,2,1,0
BRDA:181,3,0,117
BRDA:181,3,1,96
BRDA:181,3,2,96
BRDA:181,3,3,90
BRDA:192,4,0,55
BRDA:192,4,1,12629
BRDA:193,5,0,5596
BRDA:193,5,1,7033
BRDA:194,6,0,5011
BRDA:194,6,1,2022
BRDA:195,7,0,1444
BRDA:195,7,1,578
BRDA:196,8,0,88
BRDA:196,8,1,490
BRDA:227,9,0,296
BRDA:227,9,1,14
BRDA:267,10,0,63
BRDA:267,10,1,1121
BRDA:271,11,0,213
BRDA:271,11,1,908
BRDA:273,12,0,57
BRDA:273,12,1,851
BRDA:301,13,0,283
BRDA:301,13,1,13
BRDA:307,14,0,659
BRDA:307,14,1,560
BRDA:310,15,0,7
BRDA:310,15,1,6
BRDA:312,16,0,14
BRDA:312,16,1,10
BRDA:320,17,0,4
BRDA:320,17,1,196
BRDA:326,18,0,0
BRDA:326,18,1,200
BRDA:326,19,0,200
BRDA:326,19,1,4
BRDA:355,20,0,0
BRDA:355,20,1,282
BRDA:357,21,0,0
BRDA:357,21,1,282
BRDA:361,22,0,270
BRDA:361,22,1,12
BRDA:382,23,0,571
BRDA:382,23,1,5659
BRDA:399,24,0,412
BRDA:399,24,1,11292
BRDA:442,25,0,0
BRDA:442,25,1,23
BRDA:442,26,0,23
BRDA:442,26,1,0
BRDA:445,27,0,0
BRDA:445,27,1,23
BRDA:445,28,0,23
BRDA:445,28,1,4
BRDA:454,29,0,12
BRDA:454,29,1,11
BRDA:455,30,0,22
BRDA:455,30,1,1
BRDA:464,31,0,17
BRDA:464,31,1,6
BRDA:464,32,0,23
BRDA:464,32,1,17
BRDA:466,33,0,2
BRDA:466,33,1,4
BRDA:466,34,0,6
BRDA:466,34,1,2
BRDA:470,35,0,7
BRDA:470,35,1,16
BRDA:476,36,0,2
BRDA:476,36,1,21
BRDA:476,37,0,23
BRDA:476,37,1,14
BRDA:480,38,0,2
BRDA:480,38,1,19
BRDA:480,39,0,21
BRDA:480,39,1,12
BRDA:499,40,0,1
BRDA:499,40,1,12
BRDA:502,41,0,0
BRDA:502,41,1,12
BRDA:550,42,0,8
BRDA:550,42,1,4
BRDA:556,43,0,1
BRDA:556,43,1,7
BRDA:557,44,0,7
BRDA:557,44,1,1
BRDA:564,45,0,3
BRDA:564,45,1,5
BRDA:571,46,0,1
BRDA:571,46,1,2
BRDA:572,47,0,2
BRDA:572,47,1,1
BRDA:584,48,0,0
BRDA:584,48,1,9
BRDA:585,49,0,9
BRDA:585,49,1,0
BRDA:638,50,0,5
BRDA:638,50,1,48
BRDA:639,51,0,42
BRDA:639,51,1,6
BRDA:651,52,0,571
BRDA:651,52,1,222
BRDA:651,53,0,793
BRDA:651,53,1,368
BRDA:651,53,2,223
BRDA:653,54,0,34
BRDA:653,54,1,188
BRDA:653,55,0,222
BRDA:653,55,1,77
BRDA:668,56,0,9
BRDA:668,56,1,3
BRDA:668,57,0,12
BRDA:668,57,1,4
BRDA:668,57,2,3
BRDA:693,58,0,19
BRDA:693,58,1,0
BRDA:699,59,0,4
BRDA:699,59,1,279
BRDA:703,60,0,269
BRDA:703,60,1,10
BRDA:706,61,0,0
BRDA:706,61,1,10
BRDA:706,62,0,10
BRDA:706,62,1,10
BRDA:712,63,0,10
BRDA:712,63,1,0
BRDA:715,64,0,10
BRDA:715,64,1,0
BRDA:716,65,0,10
BRDA:716,65,1,0
BRDA:739,66,0,0
BRDA:739,66,1,19
BRDA:753,67,0,3
BRDA:756,68,0,0
BRDA:756,68,1,38
BRDA:761,69,0,1
BRDA:761,69,1,1351
BRDA:780,70,0,20
BRDA:780,70,1,0
BRDA:781,71,0,1
BRDA:781,71,1,19
BRDA:785,72,0,41
BRDA:785,72,1,0
BRF:149
BRH:127
end_of_record
TN:
SF:lib/components/WidthProvider.jsx
FN:38,WidthProvideRGL
FN:62,(anonymous_1)
FN:71,(anonymous_2)
FN:76,(anonymous_3)
FN:86,(anonymous_4)
FNF:5
FNH:4
FNDA:3,WidthProvideRGL
FNDA:6,(anonymous_1)
FNDA:0,(anonymous_2)
FNDA:13,(anonymous_3)
FNDA:10,(anonymous_4)
DA:30,1
DA:41,3
DA:45,3
DA:49,3
DA:55,6
DA:59,6
DA:60,6
DA:63,6
DA:64,6
DA:68,6
DA:72,0
DA:73,0
DA:76,6
DA:77,13
DA:78,13
DA:81,13
DA:82,2
DA:87,10
DA:88,10
DA:89,1
DA:99,9
LF:21
LH:19
BRDA:77,0,0,0
BRDA:77,0,1,13
BRDA:81,1,0,2
BRDA:81,1,1,11
BRDA:81,2,0,13
BRDA:81,2,1,13
BRDA:88,3,0,1
BRDA:88,3,1,9
BRDA:88,4,0,10
BRDA:88,4,1,2
BRF:10
BRH:9
end_of_record
TN:
SF:test/examples/0-showcase.jsx
FN:27,(anonymous_0)
FN:38,(anonymous_1)
FN:42,(anonymous_2)
FN:43,(anonymous_3)
FN:61,(anonymous_4)
FN:67,(anonymous_5)
FN:78,(anonymous_6)
FN:82,(anonymous_7)
FN:88,(anonymous_8)
FN:92,(anonymous_9)
FN:129,generateLayout
FN:130,(anonymous_11)
FN:144,(anonymous_12)
FNF:13
FNH:8
FNDA:1,(anonymous_0)
FNDA:1,(anonymous_1)
FNDA:2,(anonymous_2)
FNDA:50,(anonymous_3)
FNDA:0,(anonymous_4)
FNDA:0,(anonymous_5)
FNDA:1,(anonymous_6)
FNDA:0,(anonymous_7)
FNDA:0,(anonymous_8)
FNDA:2,(anonymous_9)
FNDA:1,generateLayout
FNDA:25,(anonymous_11)
FNDA:0,(anonymous_12)
DA:8,1
DA:24,1
DA:31,1
DA:39,1
DA:43,2
DA:44,50
DA:61,1
DA:62,0
DA:67,1
DA:68,0
DA:70,0
DA:75,0
DA:78,1
DA:79,1
DA:82,1
DA:83,0
DA:88,1
DA:89,0
DA:94,2
DA:130,1
DA:131,25
DA:132,25
DA:143,1
DA:144,0
LF:24
LH:17
BRDA:45,0,0,4
BRDA:45,0,1,46
BRDA:46,1,0,4
BRDA:46,1,1,46
BRDA:70,2,0,0
BRDA:70,2,1,0
BRDA:72,3,0,0
BRDA:72,3,1,0
BRDA:102,4,0,2
BRDA:102,4,1,0
BRDA:143,5,0,0
BRDA:143,5,1,1
BRF:12
BRH:6
end_of_record
TN:
SF:test/examples/1-basic.jsx
FN:12,(anonymous_0)
FN:16,(anonymous_1)
FN:23,(anonymous_2)
FN:24,(anonymous_3)
FN:33,(anonymous_4)
FN:35,(anonymous_5)
FN:47,(anonymous_6)
FN:51,(anonymous_7)
FN:65,(anonymous_8)
FNF:9
FNH:7
FNDA:4,(anonymous_0)
FNDA:4,(anonymous_1)
FNDA:4,(anonymous_2)
FNDA:80,(anonymous_3)
FNDA:4,(anonymous_4)
FNDA:80,(anonymous_5)
FNDA:0,(anonymous_6)
FNDA:4,(anonymous_7)
FNDA:0,(anonymous_8)
DA:5,1
DA:8,1
DA:17,4
DA:19,4
DA:20,4
DA:24,4
DA:25,80
DA:34,4
DA:35,4
DA:36,80
DA:37,80
DA:48,0
DA:52,4
DA:64,1
DA:65,0
LF:15
LH:13
BRDA:36,0,0,80
BRDA:36,0,1,80
BRDA:64,1,0,0
BRDA:64,1,1,1
BRF:4
BRH:3
end_of_record
TN:
SF:test/examples/15-drag-from-outside.jsx
FN:10,(anonymous_0)
FN:21,(anonymous_1)
FN:25,(anonymous_2)
FN:26,(anonymous_3)
FN:44,(anonymous_4)
FN:50,(anonymous_5)
FN:61,(anonymous_6)
FN:65,(anonymous_7)
FN:71,(anonymous_8)
FN:75,(anonymous_9)
FN:98,(anonymous_10)
FN:124,generateLayout
FN:125,(anonymous_12)
FN:139,(anonymous_13)
FNF:14
FNH:8
FNDA:1,(anonymous_0)
FNDA:1,(anonymous_1)
FNDA:2,(anonymous_2)
FNDA:50,(anonymous_3)
FNDA:0,(anonymous_4)
FNDA:0,(anonymous_5)
FNDA:1,(anonymous_6)
FNDA:0,(anonymous_7)
FNDA:0,(anonymous_8)
FNDA:2,(anonymous_9)
FNDA:0,(anonymous_10)
FNDA:1,generateLayout
FNDA:25,(anonymous_12)
FNDA:0,(anonymous_13)
DA:4,1
DA:7,1
DA:14,1
DA:22,1
DA:26,2
DA:27,50
DA:44,1
DA:45,0
DA:50,1
DA:51,0
DA:53,0
DA:58,0
DA:61,1
DA:62,1
DA:65,1
DA:66,0
DA:71,1
DA:72,0
DA:76,2
DA:98,0
DA:125,1
DA:126,25
DA:127,25
DA:138,1
DA:139,0
LF:25
LH:17
BRDA:28,0,0,4
BRDA:28,0,1,46
BRDA:29,1,0,4
BRDA:29,1,1,46
BRDA:53,2,0,0
BRDA:53,2,1,0
BRDA:55,3,0,0
BRDA:55,3,1,0
BRDA:84,4,0,2
BRDA:84,4,1,0
BRDA:138,5,0,0
BRDA:138,5,1,1
BRF:12
BRH:6
end_of_record
TN:
SF:test/util/deepFreeze.js
FN:8,deepFreeze
FN:15,get
FN:21,(anonymous_2)
FN:43,set
FNF:4
FNH:4
FNDA:8,deepFreeze
FNDA:7,get
FNDA:1,(anonymous_2)
FNDA:1,set
DA:13,8
DA:14,8
DA:15,5
DA:21,7
DA:23,6
DA:24,2
DA:28,4
DA:34,1
DA:38,3
DA:42,8
DA:43,7
DA:49,1
DA:53,8
LF:13
LH:13
BRDA:10,0,0,2
BRDA:14,1,0,5
BRDA:14,1,1,3
BRDA:21,2,0,1
BRDA:21,2,1,6
BRDA:23,3,0,2
BRDA:23,3,1,4
BRDA:23,4,0,6
BRDA:23,4,1,2
BRDA:28,5,0,1
BRDA:28,5,1,3
BRDA:29,6,0,4
BRDA:29,6,1,1
BRDA:29,6,2,1
BRDA:29,6,3,1
BRDA:42,7,0,7
BRDA:42,7,1,1
BRF:17
BRH:17
end_of_record
